Start auto log messages stack - Iteration 5.	[MsgId: MMSG-10545]
Action.c(272): web_add_header("Accept:") was successful  	[MsgId: MMSG-26392]
Action.c(275): web_add_header("Origin") started  	[MsgId: MMSG-26355]
Action.c(275): web_add_header("Origin") was successful  	[MsgId: MMSG-26392]
Action.c(280): web_add_header("Authorization") started  	[MsgId: MMSG-26355]
Action.c(280): Warning -26594: The header being added may cause unpredictable results if applied to ALL the URLs generated on behalf of the next script function. It will apply to the primary URL only.  	[MsgId: MWAR-26594]
Action.c(280): web_add_header("Authorization") highest severity level was "warning"  	[MsgId: MMSG-26391]
Action.c(282): web_submit_data("{color}") started  	[MsgId: MMSG-26355]
Action.c(282): Error -26612: HTTP Status-Code=500 (Internal Server Error) for "https://www.advantageonlineshopping.com/order/api/v1/carts/238385811/product/13/color/414141?quantity=1"  	[MsgId: MERR-26612]
End auto log messages stack.	[MsgId: MMSG-10544]


Start auto log messages stack - Iteration 6.	[MsgId: MMSG-10545]
Action.c(272): web_add_header("Accept:") was successful  	[MsgId: MMSG-26392]
Action.c(275): web_add_header("Origin") started  	[MsgId: MMSG-26355]
Action.c(275): web_add_header("Origin") was successful  	[MsgId: MMSG-26392]
Action.c(280): web_add_header("Authorization") started  	[MsgId: MMSG-26355]
Action.c(280): Warning -26594: The header being added may cause unpredictable results if applied to ALL the URLs generated on behalf of the next script function. It will apply to the primary URL only.  	[MsgId: MWAR-26594]
Action.c(280): web_add_header("Authorization") highest severity level was "warning"  	[MsgId: MMSG-26391]
Action.c(282): web_submit_data("{color}") started  	[MsgId: MMSG-26355]
Action.c(282): Error -26612: HTTP Status-Code=500 (Internal Server Error) for "https://www.advantageonlineshopping.com/order/api/v1/carts/401866217/product/13/color/414141?quantity=1"  	[MsgId: MERR-26612]
End auto log messages stack.	[MsgId: MMSG-10544]


Start auto log messages stack - Iteration 7.	[MsgId: MMSG-10545]
Action.c(272): web_add_header("Accept:") was successful  	[MsgId: MMSG-26392]
Action.c(275): web_add_header("Origin") started  	[MsgId: MMSG-26355]
Action.c(275): web_add_header("Origin") was successful  	[MsgId: MMSG-26392]
Action.c(280): web_add_header("Authorization") started  	[MsgId: MMSG-26355]
Action.c(280): Warning -26594: The header being added may cause unpredictable results if applied to ALL the URLs generated on behalf of the next script function. It will apply to the primary URL only.  	[MsgId: MWAR-26594]
Action.c(280): web_add_header("Authorization") highest severity level was "warning"  	[MsgId: MMSG-26391]
Action.c(282): web_submit_data("{color}") started  	[MsgId: MMSG-26355]
Action.c(282): Error -26612: HTTP Status-Code=500 (Internal Server Error) for "https://www.advantageonlineshopping.com/order/api/v1/carts/342749960/product/13/color/414141?quantity=1"  	[MsgId: MERR-26612]
End auto log messages stack.	[MsgId: MMSG-10544]


Start auto log messages stack - Iteration 12.	[MsgId: MMSG-10545]
Action.c(272): web_add_header("Accept:") was successful  	[MsgId: MMSG-26392]
Action.c(275): web_add_header("Origin") started  	[MsgId: MMSG-26355]
Action.c(275): web_add_header("Origin") was successful  	[MsgId: MMSG-26392]
Action.c(280): web_add_header("Authorization") started  	[MsgId: MMSG-26355]
Action.c(280): Warning -26594: The header being added may cause unpredictable results if applied to ALL the URLs generated on behalf of the next script function. It will apply to the primary URL only.  	[MsgId: MWAR-26594]
Action.c(280): web_add_header("Authorization") highest severity level was "warning"  	[MsgId: MMSG-26391]
Action.c(282): web_submit_data("{color}") started  	[MsgId: MMSG-26355]
Action.c(282): Error -26612: HTTP Status-Code=500 (Internal Server Error) for "https://www.advantageonlineshopping.com/order/api/v1/carts/342749960/product/13/color/414141?quantity=1"  	[MsgId: MERR-26612]
End auto log messages stack.	[MsgId: MMSG-10544]


Start auto log messages stack - Iteration 2.	[MsgId: MMSG-10545]
Action.c(272): web_add_header("Accept:") was successful  	[MsgId: MMSG-26392]
Action.c(275): web_add_header("Origin") started  	[MsgId: MMSG-26355]
Action.c(275): web_add_header("Origin") was successful  	[MsgId: MMSG-26392]
Action.c(280): web_add_header("Authorization") started  	[MsgId: MMSG-26355]
Action.c(280): Warning -26594: The header being added may cause unpredictable results if applied to ALL the URLs generated on behalf of the next script function. It will apply to the primary URL only.  	[MsgId: MWAR-26594]
Action.c(280): web_add_header("Authorization") highest severity level was "warning"  	[MsgId: MMSG-26391]
Action.c(282): web_submit_data("{color}") started  	[MsgId: MMSG-26355]
Action.c(282): Error -26612: HTTP Status-Code=500 (Internal Server Error) for "https://www.advantageonlineshopping.com/order/api/v1/carts/342749960/product/13/color/414141?quantity=1"  	[MsgId: MERR-26612]
End auto log messages stack.	[MsgId: MMSG-10544]


Start auto log messages stack - Iteration 15.	[MsgId: MMSG-10545]
Action.c(272): web_add_header("Accept:") was successful  	[MsgId: MMSG-26392]
Action.c(275): web_add_header("Origin") started  	[MsgId: MMSG-26355]
Action.c(275): web_add_header("Origin") was successful  	[MsgId: MMSG-26392]
Action.c(280): web_add_header("Authorization") started  	[MsgId: MMSG-26355]
Action.c(280): Warning -26594: The header being added may cause unpredictable results if applied to ALL the URLs generated on behalf of the next script function. It will apply to the primary URL only.  	[MsgId: MWAR-26594]
Action.c(280): web_add_header("Authorization") highest severity level was "warning"  	[MsgId: MMSG-26391]
Action.c(282): web_submit_data("{color}") started  	[MsgId: MMSG-26355]
Action.c(282): Error -26612: HTTP Status-Code=500 (Internal Server Error) for "https://www.advantageonlineshopping.com/order/api/v1/carts/238385811/product/13/color/414141?quantity=1"  	[MsgId: MERR-26612]
End auto log messages stack.	[MsgId: MMSG-10544]


Start auto log messages stack - Iteration 16.	[MsgId: MMSG-10545]
Action.c(272): web_add_header("Accept:") was successful  	[MsgId: MMSG-26392]
Action.c(275): web_add_header("Origin") started  	[MsgId: MMSG-26355]
Action.c(275): web_add_header("Origin") was successful  	[MsgId: MMSG-26392]
Action.c(280): web_add_header("Authorization") started  	[MsgId: MMSG-26355]
Action.c(280): Warning -26594: The header being added may cause unpredictable results if applied to ALL the URLs generated on behalf of the next script function. It will apply to the primary URL only.  	[MsgId: MWAR-26594]
Action.c(280): web_add_header("Authorization") highest severity level was "warning"  	[MsgId: MMSG-26391]
Action.c(282): web_submit_data("{color}") started  	[MsgId: MMSG-26355]
Action.c(282): Error -26612: HTTP Status-Code=500 (Internal Server Error) for "https://www.advantageonlineshopping.com/order/api/v1/carts/401866217/product/13/color/414141?quantity=1"  	[MsgId: MERR-26612]
End auto log messages stack.	[MsgId: MMSG-10544]


Start auto log messages stack - Iteration 4.	[MsgId: MMSG-10545]
Action.c(272): web_add_header("Accept:") was successful  	[MsgId: MMSG-26392]
Action.c(275): web_add_header("Origin") started  	[MsgId: MMSG-26355]
Action.c(275): web_add_header("Origin") was successful  	[MsgId: MMSG-26392]
Action.c(280): web_add_header("Authorization") started  	[MsgId: MMSG-26355]
Action.c(280): Warning -26594: The header being added may cause unpredictable results if applied to ALL the URLs generated on behalf of the next script function. It will apply to the primary URL only.  	[MsgId: MWAR-26594]
Action.c(280): web_add_header("Authorization") highest severity level was "warning"  	[MsgId: MMSG-26391]
Action.c(282): web_submit_data("{color}") started  	[MsgId: MMSG-26355]
Action.c(282): Error -26612: HTTP Status-Code=500 (Internal Server Error) for "https://www.advantageonlineshopping.com/order/api/v1/carts/911861300/product/13/color/414141?quantity=1"  	[MsgId: MERR-26612]
End auto log messages stack.	[MsgId: MMSG-10544]


Start auto log messages stack - Iteration 17.	[MsgId: MMSG-10545]
Action.c(272): web_add_header("Accept:") was successful  	[MsgId: MMSG-26392]
Action.c(275): web_add_header("Origin") started  	[MsgId: MMSG-26355]
Action.c(275): web_add_header("Origin") was successful  	[MsgId: MMSG-26392]
Action.c(280): web_add_header("Authorization") started  	[MsgId: MMSG-26355]
Action.c(280): Warning -26594: The header being added may cause unpredictable results if applied to ALL the URLs generated on behalf of the next script function. It will apply to the primary URL only.  	[MsgId: MWAR-26594]
Action.c(280): web_add_header("Authorization") highest severity level was "warning"  	[MsgId: MMSG-26391]
Action.c(282): web_submit_data("{color}") started  	[MsgId: MMSG-26355]
Action.c(282): Error -26612: HTTP Status-Code=500 (Internal Server Error) for "https://www.advantageonlineshopping.com/order/api/v1/carts/342749960/product/13/color/414141?quantity=1"  	[MsgId: MERR-26612]
End auto log messages stack.	[MsgId: MMSG-10544]


Start auto log messages stack - Iteration 5.	[MsgId: MMSG-10545]
Action.c(272): web_add_header("Accept:") was successful  	[MsgId: MMSG-26392]
Action.c(275): web_add_header("Origin") started  	[MsgId: MMSG-26355]
Action.c(275): web_add_header("Origin") was successful  	[MsgId: MMSG-26392]
Action.c(280): web_add_header("Authorization") started  	[MsgId: MMSG-26355]
Action.c(280): Warning -26594: The header being added may cause unpredictable results if applied to ALL the URLs generated on behalf of the next script function. It will apply to the primary URL only.  	[MsgId: MWAR-26594]
Action.c(280): web_add_header("Authorization") highest severity level was "warning"  	[MsgId: MMSG-26391]
Action.c(282): web_submit_data("{color}") started  	[MsgId: MMSG-26355]
Action.c(282): Error -26612: HTTP Status-Code=500 (Internal Server Error) for "https://www.advantageonlineshopping.com/order/api/v1/carts/238385811/product/13/color/414141?quantity=1"  	[MsgId: MERR-26612]
End auto log messages stack.	[MsgId: MMSG-10544]


Start auto log messages stack - Iteration 7.	[MsgId: MMSG-10545]
Action.c(272): web_add_header("Accept:") was successful  	[MsgId: MMSG-26392]
Action.c(275): web_add_header("Origin") started  	[MsgId: MMSG-26355]
Action.c(275): web_add_header("Origin") was successful  	[MsgId: MMSG-26392]
Action.c(280): web_add_header("Authorization") started  	[MsgId: MMSG-26355]
Action.c(280): Warning -26594: The header being added may cause unpredictable results if applied to ALL the URLs generated on behalf of the next script function. It will apply to the primary URL only.  	[MsgId: MWAR-26594]
Action.c(280): web_add_header("Authorization") highest severity level was "warning"  	[MsgId: MMSG-26391]
Action.c(282): web_submit_data("{color}") started  	[MsgId: MMSG-26355]
Action.c(282): Error -26612: HTTP Status-Code=500 (Internal Server Error) for "https://www.advantageonlineshopping.com/order/api/v1/carts/342749960/product/13/color/414141?quantity=1"  	[MsgId: MERR-26612]
End auto log messages stack.	[MsgId: MMSG-10544]


Start auto log messages stack - Iteration 7.	[MsgId: MMSG-10545]
Action.c(272): web_add_header("Accept:") was successful  	[MsgId: MMSG-26392]
Action.c(275): web_add_header("Origin") started  	[MsgId: MMSG-26355]
Action.c(275): web_add_header("Origin") was successful  	[MsgId: MMSG-26392]
Action.c(280): web_add_header("Authorization") started  	[MsgId: MMSG-26355]
Action.c(280): Warning -26594: The header being added may cause unpredictable results if applied to ALL the URLs generated on behalf of the next script function. It will apply to the primary URL only.  	[MsgId: MWAR-26594]
Action.c(280): web_add_header("Authorization") highest severity level was "warning"  	[MsgId: MMSG-26391]
Action.c(282): web_submit_data("{color}") started  	[MsgId: MMSG-26355]
Action.c(282): Error -26612: HTTP Status-Code=500 (Internal Server Error) for "https://www.advantageonlineshopping.com/order/api/v1/carts/342749960/product/13/color/414141?quantity=1"  	[MsgId: MERR-26612]
End auto log messages stack.	[MsgId: MMSG-10544]


Start auto log messages stack - Iteration 8.	[MsgId: MMSG-10545]
Action.c(272): web_add_header("Accept:") was successful  	[MsgId: MMSG-26392]
Action.c(275): web_add_header("Origin") started  	[MsgId: MMSG-26355]
Action.c(275): web_add_header("Origin") was successful  	[MsgId: MMSG-26392]
Action.c(280): web_add_header("Authorization") started  	[MsgId: MMSG-26355]
Action.c(280): Warning -26594: The header being added may cause unpredictable results if applied to ALL the URLs generated on behalf of the next script function. It will apply to the primary URL only.  	[MsgId: MWAR-26594]
Action.c(280): web_add_header("Authorization") highest severity level was "warning"  	[MsgId: MMSG-26391]
Action.c(282): web_submit_data("{color}") started  	[MsgId: MMSG-26355]
Action.c(282): Error -26612: HTTP Status-Code=500 (Internal Server Error) for "https://www.advantageonlineshopping.com/order/api/v1/carts/216213312/product/13/color/414141?quantity=1"  	[MsgId: MERR-26612]
End auto log messages stack.	[MsgId: MMSG-10544]


Start auto log messages stack - Iteration 22.	[MsgId: MMSG-10545]
Action.c(272): web_add_header("Accept:") was successful  	[MsgId: MMSG-26392]
Action.c(275): web_add_header("Origin") started  	[MsgId: MMSG-26355]
Action.c(275): web_add_header("Origin") was successful  	[MsgId: MMSG-26392]
Action.c(280): web_add_header("Authorization") started  	[MsgId: MMSG-26355]
Action.c(280): Warning -26594: The header being added may cause unpredictable results if applied to ALL the URLs generated on behalf of the next script function. It will apply to the primary URL only.  	[MsgId: MWAR-26594]
Action.c(280): web_add_header("Authorization") highest severity level was "warning"  	[MsgId: MMSG-26391]
Action.c(282): web_submit_data("{color}") started  	[MsgId: MMSG-26355]
Action.c(282): Error -26612: HTTP Status-Code=500 (Internal Server Error) for "https://www.advantageonlineshopping.com/order/api/v1/carts/342749960/product/13/color/414141?quantity=1"  	[MsgId: MERR-26612]
End auto log messages stack.	[MsgId: MMSG-10544]


Start auto log messages stack - Iteration 25.	[MsgId: MMSG-10545]
Action.c(272): web_add_header("Accept:") was successful  	[MsgId: MMSG-26392]
Action.c(275): web_add_header("Origin") started  	[MsgId: MMSG-26355]
Action.c(275): web_add_header("Origin") was successful  	[MsgId: MMSG-26392]
Action.c(280): web_add_header("Authorization") started  	[MsgId: MMSG-26355]
Action.c(280): Warning -26594: The header being added may cause unpredictable results if applied to ALL the URLs generated on behalf of the next script function. It will apply to the primary URL only.  	[MsgId: MWAR-26594]
Action.c(280): web_add_header("Authorization") highest severity level was "warning"  	[MsgId: MMSG-26391]
Action.c(282): web_submit_data("{color}") started  	[MsgId: MMSG-26355]
Action.c(282): Error -26612: HTTP Status-Code=500 (Internal Server Error) for "https://www.advantageonlineshopping.com/order/api/v1/carts/238385811/product/13/color/414141?quantity=1"  	[MsgId: MERR-26612]
End auto log messages stack.	[MsgId: MMSG-10544]


Start auto log messages stack - Iteration 26.	[MsgId: MMSG-10545]
Action.c(272): web_add_header("Accept:") was successful  	[MsgId: MMSG-26392]
Action.c(275): web_add_header("Origin") started  	[MsgId: MMSG-26355]
Action.c(275): web_add_header("Origin") was successful  	[MsgId: MMSG-26392]
Action.c(280): web_add_header("Authorization") started  	[MsgId: MMSG-26355]
Action.c(280): Warning -26594: The header being added may cause unpredictable results if applied to ALL the URLs generated on behalf of the next script function. It will apply to the primary URL only.  	[MsgId: MWAR-26594]
Action.c(280): web_add_header("Authorization") highest severity level was "warning"  	[MsgId: MMSG-26391]
Action.c(282): web_submit_data("{color}") started  	[MsgId: MMSG-26355]
Action.c(282): Error -26612: HTTP Status-Code=500 (Internal Server Error) for "https://www.advantageonlineshopping.com/order/api/v1/carts/401866217/product/13/color/414141?quantity=1"  	[MsgId: MERR-26612]
End auto log messages stack.	[MsgId: MMSG-10544]


Start auto log messages stack - Iteration 27.	[MsgId: MMSG-10545]
Action.c(272): web_add_header("Accept:") was successful  	[MsgId: MMSG-26392]
Action.c(275): web_add_header("Origin") started  	[MsgId: MMSG-26355]
Action.c(275): web_add_header("Origin") was successful  	[MsgId: MMSG-26392]
Action.c(280): web_add_header("Authorization") started  	[MsgId: MMSG-26355]
Action.c(280): Warning -26594: The header being added may cause unpredictable results if applied to ALL the URLs generated on behalf of the next script function. It will apply to the primary URL only.  	[MsgId: MWAR-26594]
Action.c(280): web_add_header("Authorization") highest severity level was "warning"  	[MsgId: MMSG-26391]
Action.c(282): web_submit_data("{color}") started  	[MsgId: MMSG-26355]
Action.c(282): Error -26612: HTTP Status-Code=500 (Internal Server Error) for "https://www.advantageonlineshopping.com/order/api/v1/carts/342749960/product/13/color/414141?quantity=1"  	[MsgId: MERR-26612]
End auto log messages stack.	[MsgId: MMSG-10544]


Start auto log messages stack - Iteration 28.	[MsgId: MMSG-10545]
Action.c(272): web_add_header("Accept:") was successful  	[MsgId: MMSG-26392]
Action.c(275): web_add_header("Origin") started  	[MsgId: MMSG-26355]
Action.c(275): web_add_header("Origin") was successful  	[MsgId: MMSG-26392]
Action.c(280): web_add_header("Authorization") started  	[MsgId: MMSG-26355]
Action.c(280): Warning -26594: The header being added may cause unpredictable results if applied to ALL the URLs generated on behalf of the next script function. It will apply to the primary URL only.  	[MsgId: MWAR-26594]
Action.c(280): web_add_header("Authorization") highest severity level was "warning"  	[MsgId: MMSG-26391]
Action.c(282): web_submit_data("{color}") started  	[MsgId: MMSG-26355]
Action.c(282): Error -26612: HTTP Status-Code=500 (Internal Server Error) for "https://www.advantageonlineshopping.com/order/api/v1/carts/216213312/product/13/color/414141?quantity=1"  	[MsgId: MERR-26612]
End auto log messages stack.	[MsgId: MMSG-10544]


Start auto log messages stack - Iteration 4.	[MsgId: MMSG-10545]
Action.c(272): web_add_header("Accept:") was successful  	[MsgId: MMSG-26392]
Action.c(275): web_add_header("Origin") started  	[MsgId: MMSG-26355]
Action.c(275): web_add_header("Origin") was successful  	[MsgId: MMSG-26392]
Action.c(280): web_add_header("Authorization") started  	[MsgId: MMSG-26355]
Action.c(280): Warning -26594: The header being added may cause unpredictable results if applied to ALL the URLs generated on behalf of the next script function. It will apply to the primary URL only.  	[MsgId: MWAR-26594]
Action.c(280): web_add_header("Authorization") highest severity level was "warning"  	[MsgId: MMSG-26391]
Action.c(282): web_submit_data("{color}") started  	[MsgId: MMSG-26355]
Action.c(282): Error -26612: HTTP Status-Code=500 (Internal Server Error) for "https://www.advantageonlineshopping.com/order/api/v1/carts/911861300/product/13/color/414141?quantity=1"  	[MsgId: MERR-26612]
End auto log messages stack.	[MsgId: MMSG-10544]


Start auto log messages stack - Iteration 31.	[MsgId: MMSG-10545]
Action.c(272): web_add_header("Accept:") was successful  	[MsgId: MMSG-26392]
Action.c(275): web_add_header("Origin") started  	[MsgId: MMSG-26355]
Action.c(275): web_add_header("Origin") was successful  	[MsgId: MMSG-26392]
Action.c(280): web_add_header("Authorization") started  	[MsgId: MMSG-26355]
Action.c(280): Warning -26594: The header being added may cause unpredictable results if applied to ALL the URLs generated on behalf of the next script function. It will apply to the primary URL only.  	[MsgId: MWAR-26594]
Action.c(280): web_add_header("Authorization") highest severity level was "warning"  	[MsgId: MMSG-26391]
Action.c(282): web_submit_data("{color}") started  	[MsgId: MMSG-26355]
Action.c(282): Error -26612: HTTP Status-Code=500 (Internal Server Error) for "https://www.advantageonlineshopping.com/order/api/v1/carts/401866217/product/13/color/414141?quantity=1"  	[MsgId: MERR-26612]
End auto log messages stack.	[MsgId: MMSG-10544]


Start auto log messages stack - Iteration 19.	[MsgId: MMSG-10545]
Action.c(272): web_add_header("Accept:") was successful  	[MsgId: MMSG-26392]
Action.c(275): web_add_header("Origin") started  	[MsgId: MMSG-26355]
Action.c(275): web_add_header("Origin") was successful  	[MsgId: MMSG-26392]
Action.c(280): web_add_header("Authorization") started  	[MsgId: MMSG-26355]
Action.c(280): Warning -26594: The header being added may cause unpredictable results if applied to ALL the URLs generated on behalf of the next script function. It will apply to the primary URL only.  	[MsgId: MWAR-26594]
Action.c(280): web_add_header("Authorization") highest severity level was "warning"  	[MsgId: MMSG-26391]
Action.c(282): web_submit_data("{color}") started  	[MsgId: MMSG-26355]
Action.c(282): Error -26612: HTTP Status-Code=500 (Internal Server Error) for "https://www.advantageonlineshopping.com/order/api/v1/carts/911861300/product/13/color/414141?quantity=1"  	[MsgId: MERR-26612]
End auto log messages stack.	[MsgId: MMSG-10544]


Start auto log messages stack - Iteration 7.	[MsgId: MMSG-10545]
Action.c(272): web_add_header("Accept:") was successful  	[MsgId: MMSG-26392]
Action.c(275): web_add_header("Origin") started  	[MsgId: MMSG-26355]
Action.c(275): web_add_header("Origin") was successful  	[MsgId: MMSG-26392]
Action.c(280): web_add_header("Authorization") started  	[MsgId: MMSG-26355]
Action.c(280): Warning -26594: The header being added may cause unpredictable results if applied to ALL the URLs generated on behalf of the next script function. It will apply to the primary URL only.  	[MsgId: MWAR-26594]
Action.c(280): web_add_header("Authorization") highest severity level was "warning"  	[MsgId: MMSG-26391]
Action.c(282): web_submit_data("{color}") started  	[MsgId: MMSG-26355]
Action.c(282): Error -26612: HTTP Status-Code=500 (Internal Server Error) for "https://www.advantageonlineshopping.com/order/api/v1/carts/342749960/product/13/color/414141?quantity=1"  	[MsgId: MERR-26612]
End auto log messages stack.	[MsgId: MMSG-10544]


Start auto log messages stack - Iteration 7.	[MsgId: MMSG-10545]
Action.c(272): web_add_header("Accept:") was successful  	[MsgId: MMSG-26392]
Action.c(275): web_add_header("Origin") started  	[MsgId: MMSG-26355]
Action.c(275): web_add_header("Origin") was successful  	[MsgId: MMSG-26392]
Action.c(280): web_add_header("Authorization") started  	[MsgId: MMSG-26355]
Action.c(280): Warning -26594: The header being added may cause unpredictable results if applied to ALL the URLs generated on behalf of the next script function. It will apply to the primary URL only.  	[MsgId: MWAR-26594]
Action.c(280): web_add_header("Authorization") highest severity level was "warning"  	[MsgId: MMSG-26391]
Action.c(282): web_submit_data("{color}") started  	[MsgId: MMSG-26355]
Action.c(282): Error -26612: HTTP Status-Code=500 (Internal Server Error) for "https://www.advantageonlineshopping.com/order/api/v1/carts/342749960/product/13/color/414141?quantity=1"  	[MsgId: MERR-26612]
End auto log messages stack.	[MsgId: MMSG-10544]


Start auto log messages stack - Iteration 32.	[MsgId: MMSG-10545]
Action.c(272): web_add_header("Accept:") was successful  	[MsgId: MMSG-26392]
Action.c(275): web_add_header("Origin") started  	[MsgId: MMSG-26355]
Action.c(275): web_add_header("Origin") was successful  	[MsgId: MMSG-26392]
Action.c(280): web_add_header("Authorization") started  	[MsgId: MMSG-26355]
Action.c(280): Warning -26594: The header being added may cause unpredictable results if applied to ALL the URLs generated on behalf of the next script function. It will apply to the primary URL only.  	[MsgId: MWAR-26594]
Action.c(280): web_add_header("Authorization") highest severity level was "warning"  	[MsgId: MMSG-26391]
Action.c(282): web_submit_data("{color}") started  	[MsgId: MMSG-26355]
Action.c(282): Error -26612: HTTP Status-Code=500 (Internal Server Error) for "https://www.advantageonlineshopping.com/order/api/v1/carts/342749960/product/13/color/414141?quantity=1"  	[MsgId: MERR-26612]
End auto log messages stack.	[MsgId: MMSG-10544]


Start auto log messages stack - Iteration 8.	[MsgId: MMSG-10545]
Action.c(272): web_add_header("Accept:") was successful  	[MsgId: MMSG-26392]
Action.c(275): web_add_header("Origin") started  	[MsgId: MMSG-26355]
Action.c(275): web_add_header("Origin") was successful  	[MsgId: MMSG-26392]
Action.c(280): web_add_header("Authorization") started  	[MsgId: MMSG-26355]
Action.c(280): Warning -26594: The header being added may cause unpredictable results if applied to ALL the URLs generated on behalf of the next script function. It will apply to the primary URL only.  	[MsgId: MWAR-26594]
Action.c(280): web_add_header("Authorization") highest severity level was "warning"  	[MsgId: MMSG-26391]
Action.c(282): web_submit_data("{color}") started  	[MsgId: MMSG-26355]
Action.c(282): Error -26612: HTTP Status-Code=500 (Internal Server Error) for "https://www.advantageonlineshopping.com/order/api/v1/carts/216213312/product/13/color/414141?quantity=1"  	[MsgId: MERR-26612]
End auto log messages stack.	[MsgId: MMSG-10544]


Start auto log messages stack - Iteration 21.	[MsgId: MMSG-10545]
Action.c(272): web_add_header("Accept:") was successful  	[MsgId: MMSG-26392]
Action.c(275): web_add_header("Origin") started  	[MsgId: MMSG-26355]
Action.c(275): web_add_header("Origin") was successful  	[MsgId: MMSG-26392]
Action.c(280): web_add_header("Authorization") started  	[MsgId: MMSG-26355]
Action.c(280): Warning -26594: The header being added may cause unpredictable results if applied to ALL the URLs generated on behalf of the next script function. It will apply to the primary URL only.  	[MsgId: MWAR-26594]
Action.c(280): web_add_header("Authorization") highest severity level was "warning"  	[MsgId: MMSG-26391]
Action.c(282): web_submit_data("{color}") started  	[MsgId: MMSG-26355]
Action.c(282): Error -26612: HTTP Status-Code=500 (Internal Server Error) for "https://www.advantageonlineshopping.com/order/api/v1/carts/401866217/product/13/color/414141?quantity=1"  	[MsgId: MERR-26612]
End auto log messages stack.	[MsgId: MMSG-10544]


Start auto log messages stack - Iteration 9.	[MsgId: MMSG-10545]
Action.c(272): web_add_header("Accept:") was successful  	[MsgId: MMSG-26392]
Action.c(275): web_add_header("Origin") started  	[MsgId: MMSG-26355]
Action.c(275): web_add_header("Origin") was successful  	[MsgId: MMSG-26392]
Action.c(280): web_add_header("Authorization") started  	[MsgId: MMSG-26355]
Action.c(280): Warning -26594: The header being added may cause unpredictable results if applied to ALL the URLs generated on behalf of the next script function. It will apply to the primary URL only.  	[MsgId: MWAR-26594]
Action.c(280): web_add_header("Authorization") highest severity level was "warning"  	[MsgId: MMSG-26391]
Action.c(282): web_submit_data("{color}") started  	[MsgId: MMSG-26355]
Action.c(282): Error -26612: HTTP Status-Code=500 (Internal Server Error) for "https://www.advantageonlineshopping.com/order/api/v1/carts/911861300/product/13/color/414141?quantity=1"  	[MsgId: MERR-26612]
End auto log messages stack.	[MsgId: MMSG-10544]


Start auto log messages stack - Iteration 22.	[MsgId: MMSG-10545]
Action.c(272): web_add_header("Accept:") was successful  	[MsgId: MMSG-26392]
Action.c(275): web_add_header("Origin") started  	[MsgId: MMSG-26355]
Action.c(275): web_add_header("Origin") was successful  	[MsgId: MMSG-26392]
Action.c(280): web_add_header("Authorization") started  	[MsgId: MMSG-26355]
Action.c(280): Warning -26594: The header being added may cause unpredictable results if applied to ALL the URLs generated on behalf of the next script function. It will apply to the primary URL only.  	[MsgId: MWAR-26594]
Action.c(280): web_add_header("Authorization") highest severity level was "warning"  	[MsgId: MMSG-26391]
Action.c(282): web_submit_data("{color}") started  	[MsgId: MMSG-26355]
Action.c(282): Error -26612: HTTP Status-Code=500 (Internal Server Error) for "https://www.advantageonlineshopping.com/order/api/v1/carts/342749960/product/13/color/414141?quantity=1"  	[MsgId: MERR-26612]
End auto log messages stack.	[MsgId: MMSG-10544]


Start auto log messages stack - Iteration 23.	[MsgId: MMSG-10545]
Action.c(272): web_add_header("Accept:") was successful  	[MsgId: MMSG-26392]
Action.c(275): web_add_header("Origin") started  	[MsgId: MMSG-26355]
Action.c(275): web_add_header("Origin") was successful  	[MsgId: MMSG-26392]
Action.c(280): web_add_header("Authorization") started  	[MsgId: MMSG-26355]
Action.c(280): Warning -26594: The header being added may cause unpredictable results if applied to ALL the URLs generated on behalf of the next script function. It will apply to the primary URL only.  	[MsgId: MWAR-26594]
Action.c(280): web_add_header("Authorization") highest severity level was "warning"  	[MsgId: MMSG-26391]
Action.c(282): web_submit_data("{color}") started  	[MsgId: MMSG-26355]
Action.c(282): Error -26612: HTTP Status-Code=500 (Internal Server Error) for "https://www.advantageonlineshopping.com/order/api/v1/carts/216213312/product/13/color/414141?quantity=1"  	[MsgId: MERR-26612]
End auto log messages stack.	[MsgId: MMSG-10544]


Start auto log messages stack - Iteration 24.	[MsgId: MMSG-10545]
Action.c(272): web_add_header("Accept:") was successful  	[MsgId: MMSG-26392]
Action.c(275): web_add_header("Origin") started  	[MsgId: MMSG-26355]
Action.c(275): web_add_header("Origin") was successful  	[MsgId: MMSG-26392]
Action.c(280): web_add_header("Authorization") started  	[MsgId: MMSG-26355]
Action.c(280): Warning -26594: The header being added may cause unpredictable results if applied to ALL the URLs generated on behalf of the next script function. It will apply to the primary URL only.  	[MsgId: MWAR-26594]
Action.c(280): web_add_header("Authorization") highest severity level was "warning"  	[MsgId: MMSG-26391]
Action.c(282): web_submit_data("{color}") started  	[MsgId: MMSG-26355]
Action.c(282): Error -26612: HTTP Status-Code=500 (Internal Server Error) for "https://www.advantageonlineshopping.com/order/api/v1/carts/911861300/product/13/color/414141?quantity=1"  	[MsgId: MERR-26612]
End auto log messages stack.	[MsgId: MMSG-10544]


Start auto log messages stack - Iteration 12.	[MsgId: MMSG-10545]
Action.c(272): web_add_header("Accept:") was successful  	[MsgId: MMSG-26392]
Action.c(275): web_add_header("Origin") started  	[MsgId: MMSG-26355]
Action.c(275): web_add_header("Origin") was successful  	[MsgId: MMSG-26392]
Action.c(280): web_add_header("Authorization") started  	[MsgId: MMSG-26355]
Action.c(280): Warning -26594: The header being added may cause unpredictable results if applied to ALL the URLs generated on behalf of the next script function. It will apply to the primary URL only.  	[MsgId: MWAR-26594]
Action.c(280): web_add_header("Authorization") highest severity level was "warning"  	[MsgId: MMSG-26391]
Action.c(282): web_submit_data("{color}") started  	[MsgId: MMSG-26355]
Action.c(282): Error -26612: HTTP Status-Code=500 (Internal Server Error) for "https://www.advantageonlineshopping.com/order/api/v1/carts/342749960/product/13/color/414141?quantity=1"  	[MsgId: MERR-26612]
End auto log messages stack.	[MsgId: MMSG-10544]


Start auto log messages stack - Iteration 25.	[MsgId: MMSG-10545]
Action.c(272): web_add_header("Accept:") was successful  	[MsgId: MMSG-26392]
Action.c(275): web_add_header("Origin") started  	[MsgId: MMSG-26355]
Action.c(275): web_add_header("Origin") was successful  	[MsgId: MMSG-26392]
Action.c(280): web_add_header("Authorization") started  	[MsgId: MMSG-26355]
Action.c(280): Warning -26594: The header being added may cause unpredictable results if applied to ALL the URLs generated on behalf of the next script function. It will apply to the primary URL only.  	[MsgId: MWAR-26594]
Action.c(280): web_add_header("Authorization") highest severity level was "warning"  	[MsgId: MMSG-26391]
Action.c(282): web_submit_data("{color}") started  	[MsgId: MMSG-26355]
Action.c(282): Error -26612: HTTP Status-Code=500 (Internal Server Error) for "https://www.advantageonlineshopping.com/order/api/v1/carts/238385811/product/13/color/414141?quantity=1"  	[MsgId: MERR-26612]
End auto log messages stack.	[MsgId: MMSG-10544]


Start auto log messages stack - Iteration 13.	[MsgId: MMSG-10545]
Action.c(272): web_add_header("Accept:") was successful  	[MsgId: MMSG-26392]
Action.c(275): web_add_header("Origin") started  	[MsgId: MMSG-26355]
Action.c(275): web_add_header("Origin") was successful  	[MsgId: MMSG-26392]
Action.c(280): web_add_header("Authorization") started  	[MsgId: MMSG-26355]
Action.c(280): Warning -26594: The header being added may cause unpredictable results if applied to ALL the URLs generated on behalf of the next script function. It will apply to the primary URL only.  	[MsgId: MWAR-26594]
Action.c(280): web_add_header("Authorization") highest severity level was "warning"  	[MsgId: MMSG-26391]
Action.c(282): web_submit_data("{color}") started  	[MsgId: MMSG-26355]
Action.c(282): Error -26612: HTTP Status-Code=500 (Internal Server Error) for "https://www.advantageonlineshopping.com/order/api/v1/carts/216213312/product/13/color/414141?quantity=1"  	[MsgId: MERR-26612]
End auto log messages stack.	[MsgId: MMSG-10544]


