Start auto log messages stack - Iteration 3.	[MsgId: MMSG-10545]
Action.c(272): web_add_header("Accept:") was successful  	[MsgId: MMSG-26392]
Action.c(275): web_add_header("Origin") started  	[MsgId: MMSG-26355]
Action.c(275): web_add_header("Origin") was successful  	[MsgId: MMSG-26392]
Action.c(280): web_add_header("Authorization") started  	[MsgId: MMSG-26355]
Action.c(280): Warning -26594: The header being added may cause unpredictable results if applied to ALL the URLs generated on behalf of the next script function. It will apply to the primary URL only.  	[MsgId: MWAR-26594]
Action.c(280): web_add_header("Authorization") highest severity level was "warning"  	[MsgId: MMSG-26391]
Action.c(282): web_submit_data("{color}") started  	[MsgId: MMSG-26355]
Action.c(282): Error -26612: HTTP Status-Code=500 (Internal Server Error) for "https://www.advantageonlineshopping.com/order/api/v1/carts/216213312/product/13/color/414141?quantity=1"  	[MsgId: MERR-26612]
End auto log messages stack.	[MsgId: MMSG-10544]


Start auto log messages stack - Iteration 4.	[MsgId: MMSG-10545]
Action.c(272): web_add_header("Accept:") was successful  	[MsgId: MMSG-26392]
Action.c(275): web_add_header("Origin") started  	[MsgId: MMSG-26355]
Action.c(275): web_add_header("Origin") was successful  	[MsgId: MMSG-26392]
Action.c(280): web_add_header("Authorization") started  	[MsgId: MMSG-26355]
Action.c(280): Warning -26594: The header being added may cause unpredictable results if applied to ALL the URLs generated on behalf of the next script function. It will apply to the primary URL only.  	[MsgId: MWAR-26594]
Action.c(280): web_add_header("Authorization") highest severity level was "warning"  	[MsgId: MMSG-26391]
Action.c(282): web_submit_data("{color}") started  	[MsgId: MMSG-26355]
Action.c(282): Error -26612: HTTP Status-Code=500 (Internal Server Error) for "https://www.advantageonlineshopping.com/order/api/v1/carts/911861300/product/13/color/414141?quantity=1"  	[MsgId: MERR-26612]
End auto log messages stack.	[MsgId: MMSG-10544]


Start auto log messages stack - Iteration 5.	[MsgId: MMSG-10545]
Action.c(272): web_add_header("Accept:") was successful  	[MsgId: MMSG-26392]
Action.c(275): web_add_header("Origin") started  	[MsgId: MMSG-26355]
Action.c(275): web_add_header("Origin") was successful  	[MsgId: MMSG-26392]
Action.c(280): web_add_header("Authorization") started  	[MsgId: MMSG-26355]
Action.c(280): Warning -26594: The header being added may cause unpredictable results if applied to ALL the URLs generated on behalf of the next script function. It will apply to the primary URL only.  	[MsgId: MWAR-26594]
Action.c(280): web_add_header("Authorization") highest severity level was "warning"  	[MsgId: MMSG-26391]
Action.c(282): web_submit_data("{color}") started  	[MsgId: MMSG-26355]
Action.c(282): Error -26612: HTTP Status-Code=500 (Internal Server Error) for "https://www.advantageonlineshopping.com/order/api/v1/carts/238385811/product/13/color/414141?quantity=1"  	[MsgId: MERR-26612]
End auto log messages stack.	[MsgId: MMSG-10544]


Start auto log messages stack - Iteration 1.	[MsgId: MMSG-10545]
Action.c(272): web_add_header("Accept:") was successful  	[MsgId: MMSG-26392]
Action.c(275): web_add_header("Origin") started  	[MsgId: MMSG-26355]
Action.c(275): web_add_header("Origin") was successful  	[MsgId: MMSG-26392]
Action.c(280): web_add_header("Authorization") started  	[MsgId: MMSG-26355]
Action.c(280): Warning -26594: The header being added may cause unpredictable results if applied to ALL the URLs generated on behalf of the next script function. It will apply to the primary URL only.  	[MsgId: MWAR-26594]
Action.c(280): web_add_header("Authorization") highest severity level was "warning"  	[MsgId: MMSG-26391]
Action.c(282): web_submit_data("{color}") started  	[MsgId: MMSG-26355]
Action.c(282): Error -26612: HTTP Status-Code=500 (Internal Server Error) for "https://www.advantageonlineshopping.com/order/api/v1/carts/401866217/product/13/color/414141?quantity=1"  	[MsgId: MERR-26612]
End auto log messages stack.	[MsgId: MMSG-10544]


Start auto log messages stack - Iteration 1.	[MsgId: MMSG-10545]
Action.c(272): web_add_header("Accept:") was successful  	[MsgId: MMSG-26392]
Action.c(275): web_add_header("Origin") started  	[MsgId: MMSG-26355]
Action.c(275): web_add_header("Origin") was successful  	[MsgId: MMSG-26392]
Action.c(280): web_add_header("Authorization") started  	[MsgId: MMSG-26355]
Action.c(280): Warning -26594: The header being added may cause unpredictable results if applied to ALL the URLs generated on behalf of the next script function. It will apply to the primary URL only.  	[MsgId: MWAR-26594]
Action.c(280): web_add_header("Authorization") highest severity level was "warning"  	[MsgId: MMSG-26391]
Action.c(282): web_submit_data("{color}") started  	[MsgId: MMSG-26355]
Action.c(282): Error -26612: HTTP Status-Code=500 (Internal Server Error) for "https://www.advantageonlineshopping.com/order/api/v1/carts/401866217/product/13/color/414141?quantity=1"  	[MsgId: MERR-26612]
End auto log messages stack.	[MsgId: MMSG-10544]


Start auto log messages stack - Iteration 10.	[MsgId: MMSG-10545]
Action.c(234): web_url("all_data") started  	[MsgId: MMSG-26355]
Action.c(234): web_url("all_data") was successful, 8491 body bytes, 375 header bytes  	[MsgId: MMSG-26386]
Action.c(244): web_url("products_2") started  	[MsgId: MMSG-26355]
Action.c(244): web_url("products_2") was successful, 1470 body bytes, 375 header bytes  	[MsgId: MMSG-26386]
Action.c(254): web_url("product-page.html") started  	[MsgId: MMSG-26355]
Action.c(254): Notify: Transaction "ChooseProduct" ended with a "Stop" status (Duration: 3,3284 Wasted Time: 0,0000).	[MsgId: MMSG-16871]
Start auto log messages stack - Iteration 10.	[MsgId: MMSG-10545]
Action.c(254): Notify: Transaction "UC_1_BuyProduct" ended with a "Stop" status (Duration: 28,9571 Think Time: 15,0297 Wasted Time: 0,0008).	[MsgId: MMSG-16870]
Abort was called from an action.	[MsgId: MMSG-10447]
../common_lib_2.h(54): web_add_header("Authorization") highest severity level was "warning"  	[MsgId: MMSG-26391]
Ending Vuser...	[MsgId: MMSG-15966]
Starting action vuser_end.	[MsgId: MMSG-15919]
../common_lib_2.h(56): web_reg_save_param started  	[MsgId: MMSG-26355]
Ending action vuser_end.	[MsgId: MMSG-15918]
../common_lib_2.h(56): Registering web_reg_save_param was successful  	[MsgId: MMSG-26390]
Vuser Terminated.	[MsgId: MMSG-15963]
../common_lib_2.h(61): web_url("{UserID}") started  	[MsgId: MMSG-26355]
Action.c(254): Error -27760: Request "https://www.advantageonlineshopping.com/app/views/product-page.html" failed  	[MsgId: MERR-27760]
../common_lib_2.h(61): Notify: Transaction "Login" ended with a "Stop" status (Duration: 6,9472 Think Time: 5,0113 Wasted Time: 0,0000).	[MsgId: MMSG-16870]
../common_lib_2.h(61): Notify: Transaction "UC_1_BuyProduct" ended with a "Stop" status (Duration: 19,2384 Think Time: 5,0113 Wasted Time: 0,0007).	[MsgId: MMSG-16870]
Abort was called from an action.	[MsgId: MMSG-10447]
Ending Vuser...	[MsgId: MMSG-15966]
Starting action vuser_end.	[MsgId: MMSG-15919]
Ending action vuser_end.	[MsgId: MMSG-15918]
Vuser Terminated.	[MsgId: MMSG-15963]
../common_lib_2.h(61): Error -27760: Request "https://www.advantageonlineshopping.com/order/api/v1/carts/238385811" failed  	[MsgId: MERR-27760]
