Error: missing newline in C:\Users\Nikitka\Documents\VuGen\Scripts\WS_UC3_DeleteCart\..\DataSet\Accounts.dat	[MsgId: MERR-13874]
Start auto log messages stack - Iteration 1.	[MsgId: MMSG-10545]
Action.c(172): Registering web_reg_save_param was successful  	[MsgId: MMSG-26390]
Action.c(177): web_reg_save_param started  	[MsgId: MMSG-26355]
Action.c(177): Registering web_reg_save_param was successful  	[MsgId: MMSG-26390]
Action.c(184): web_add_header("Authorization") started  	[MsgId: MMSG-26355]
Action.c(184): Warning -26594: The header being added may cause unpredictable results if applied to ALL the URLs generated on behalf of the next script function. It will apply to the primary URL only.  	[MsgId: MWAR-26594]
Action.c(184): web_add_header("Authorization") highest severity level was "warning"  	[MsgId: MMSG-26391]
Action.c(186): web_url("{UserID}_3") started  	[MsgId: MMSG-26355]
Action.c(186): Error -26377: No match found for the requested parameter "productID". Either the specified boundaries were not found in the response or the matched text is longer than current max html parameter size of 256 bytes. The total length of the response is 111 bytes. You can use "web_set_max_html_param_len" to increase the max parameter size.  	[MsgId: MERR-26377]
Action.c(186): Error -26377: No match found for the requested parameter "quantity". Either the specified boundaries were not found in the response or the matched text is longer than current max html parameter size of 256 bytes. The total length of the response is 111 bytes. You can use "web_set_max_html_param_len" to increase the max parameter size.  	[MsgId: MERR-26377]
Action.c(186): Error -26377: No match found for the requested parameter "color". Either the specified boundaries were not found in the response or the matched text is longer than current max html parameter size of 256 bytes. The total length of the response is 111 bytes. You can use "web_set_max_html_param_len" to increase the max parameter size.  	[MsgId: MERR-26377]
End auto log messages stack.	[MsgId: MMSG-10544]


Start auto log messages stack - Iteration 5.	[MsgId: MMSG-10545]
Action.c(35): Warning -27760: Request "https://www.advantageonlineshopping.com/catalog/fetchImage?image_id=tablets" failed  	[MsgId: MWAR-27760]
Action.c(35): Warning -27760: Request "https://www.advantageonlineshopping.com/css/images/Special-offer.jpg" failed  	[MsgId: MWAR-27760]
Action.c(35): Warning -27760: Request "https://www.advantageonlineshopping.com/css/main.min.css" failed  	[MsgId: MWAR-27760]
Action.c(35): Warning -27760: Request "https://www.advantageonlineshopping.com/css/images/Banner2.jpg" failed  	[MsgId: MWAR-27760]
Action.c(35): Warning -27760: Request "https://www.advantageonlineshopping.com/css/images/Banner1.jpg" failed  	[MsgId: MWAR-27760]
Action.c(35): Error -27644: Step download timeout (120 seconds) has expired when only cross-step downloads (0) were active  	[MsgId: MERR-27644]
End auto log messages stack.	[MsgId: MMSG-10544]


Start auto log messages stack - Iteration 6.	[MsgId: MMSG-10545]
Action.c(35): Downloading resource "https://www.advantageonlineshopping.com/css/images/Popular-item2.jpg" (specified by argument number 64)  	[MsgId: MMSG-26577]
Action.c(35): Downloading resource "https://www.advantageonlineshopping.com/css/images/Popular-item3.jpg" (specified by argument number 66)  	[MsgId: MMSG-26577]
Action.c(35): Downloading resource "https://www.advantageonlineshopping.com/css/images/FacebookLogo.png" (specified by argument number 68)  	[MsgId: MMSG-26577]
Action.c(35): Downloading resource "https://www.advantageonlineshopping.com/catalog/fetchImage?image_id=4700" (specified by argument number 71)  	[MsgId: MMSG-26577]
Action.c(35): Downloading resource "https://www.advantageonlineshopping.com/catalog/fetchImage?image_id=3300" (specified by argument number 73)  	[MsgId: MMSG-26577]
Action.c(35): Error -27644: Step download timeout (120 seconds) has expired when only cross-step downloads (0) were active  	[MsgId: MERR-27644]
End auto log messages stack.	[MsgId: MMSG-10544]


Start auto log messages stack - Iteration 8.	[MsgId: MMSG-10545]
Action.c(35): Downloading resource "https://www.advantageonlineshopping.com/css/images/Popular-item2.jpg" (specified by argument number 64)  	[MsgId: MMSG-26577]
Action.c(35): Downloading resource "https://www.advantageonlineshopping.com/css/images/Popular-item3.jpg" (specified by argument number 66)  	[MsgId: MMSG-26577]
Action.c(35): Downloading resource "https://www.advantageonlineshopping.com/css/images/FacebookLogo.png" (specified by argument number 68)  	[MsgId: MMSG-26577]
Action.c(35): Downloading resource "https://www.advantageonlineshopping.com/catalog/fetchImage?image_id=4700" (specified by argument number 71)  	[MsgId: MMSG-26577]
Action.c(35): Downloading resource "https://www.advantageonlineshopping.com/catalog/fetchImage?image_id=3300" (specified by argument number 73)  	[MsgId: MMSG-26577]
Action.c(35): Error -27644: Step download timeout (120 seconds) has expired when only cross-step downloads (0) were active  	[MsgId: MERR-27644]
End auto log messages stack.	[MsgId: MMSG-10544]


Start auto log messages stack - Iteration 9.	[MsgId: MMSG-10545]
Action.c(35): Downloading resource "https://www.advantageonlineshopping.com/css/images/Popular-item2.jpg" (specified by argument number 64)  	[MsgId: MMSG-26577]
Action.c(35): Downloading resource "https://www.advantageonlineshopping.com/css/images/Popular-item3.jpg" (specified by argument number 66)  	[MsgId: MMSG-26577]
Action.c(35): Downloading resource "https://www.advantageonlineshopping.com/css/images/FacebookLogo.png" (specified by argument number 68)  	[MsgId: MMSG-26577]
Action.c(35): Downloading resource "https://www.advantageonlineshopping.com/catalog/fetchImage?image_id=4700" (specified by argument number 71)  	[MsgId: MMSG-26577]
Action.c(35): Downloading resource "https://www.advantageonlineshopping.com/catalog/fetchImage?image_id=3300" (specified by argument number 73)  	[MsgId: MMSG-26577]
Action.c(35): Error -27644: Step download timeout (120 seconds) has expired when only cross-step downloads (0) were active  	[MsgId: MERR-27644]
End auto log messages stack.	[MsgId: MMSG-10544]


Start auto log messages stack - Iteration 1.	[MsgId: MMSG-10545]
Action.c(35): Downloading resource "https://www.advantageonlineshopping.com/css/images/Popular-item2.jpg" (specified by argument number 64)  	[MsgId: MMSG-26577]
Action.c(35): Downloading resource "https://www.advantageonlineshopping.com/css/images/Popular-item3.jpg" (specified by argument number 66)  	[MsgId: MMSG-26577]
Action.c(35): Downloading resource "https://www.advantageonlineshopping.com/css/images/FacebookLogo.png" (specified by argument number 68)  	[MsgId: MMSG-26577]
Action.c(35): Downloading resource "https://www.advantageonlineshopping.com/catalog/fetchImage?image_id=4700" (specified by argument number 71)  	[MsgId: MMSG-26577]
Action.c(35): Downloading resource "https://www.advantageonlineshopping.com/catalog/fetchImage?image_id=3300" (specified by argument number 73)  	[MsgId: MMSG-26577]
Action.c(35): Error -27644: Step download timeout (120 seconds) has expired when only cross-step downloads (0) were active  	[MsgId: MERR-27644]
End auto log messages stack.	[MsgId: MMSG-10544]


Start auto log messages stack - Iteration 15.	[MsgId: MMSG-10545]
Action.c(35): Downloading resource "https://www.advantageonlineshopping.com/css/images/Popular-item2.jpg" (specified by argument number 64)  	[MsgId: MMSG-26577]
Action.c(35): Downloading resource "https://www.advantageonlineshopping.com/css/images/Popular-item3.jpg" (specified by argument number 66)  	[MsgId: MMSG-26577]
Action.c(35): Downloading resource "https://www.advantageonlineshopping.com/css/images/FacebookLogo.png" (specified by argument number 68)  	[MsgId: MMSG-26577]
Action.c(35): Downloading resource "https://www.advantageonlineshopping.com/catalog/fetchImage?image_id=4700" (specified by argument number 71)  	[MsgId: MMSG-26577]
Action.c(35): Downloading resource "https://www.advantageonlineshopping.com/catalog/fetchImage?image_id=3300" (specified by argument number 73)  	[MsgId: MMSG-26577]
Action.c(35): Error -27644: Step download timeout (120 seconds) has expired when only cross-step downloads (0) were active  	[MsgId: MERR-27644]
End auto log messages stack.	[MsgId: MMSG-10544]


Start auto log messages stack - Iteration 3.	[MsgId: MMSG-10545]
Action.c(35): Downloading resource "https://www.advantageonlineshopping.com/css/images/Popular-item2.jpg" (specified by argument number 64)  	[MsgId: MMSG-26577]
Action.c(35): Downloading resource "https://www.advantageonlineshopping.com/css/images/Popular-item3.jpg" (specified by argument number 66)  	[MsgId: MMSG-26577]
Action.c(35): Downloading resource "https://www.advantageonlineshopping.com/css/images/FacebookLogo.png" (specified by argument number 68)  	[MsgId: MMSG-26577]
Action.c(35): Downloading resource "https://www.advantageonlineshopping.com/catalog/fetchImage?image_id=4700" (specified by argument number 71)  	[MsgId: MMSG-26577]
Action.c(35): Downloading resource "https://www.advantageonlineshopping.com/catalog/fetchImage?image_id=3300" (specified by argument number 73)  	[MsgId: MMSG-26577]
Action.c(35): Error -27644: Step download timeout (120 seconds) has expired when only cross-step downloads (0) were active  	[MsgId: MERR-27644]
End auto log messages stack.	[MsgId: MMSG-10544]


Start auto log messages stack - Iteration 18.	[MsgId: MMSG-10545]
Action.c(35): Downloading resource "https://www.advantageonlineshopping.com/css/images/Popular-item2.jpg" (specified by argument number 64)  	[MsgId: MMSG-26577]
Action.c(35): Downloading resource "https://www.advantageonlineshopping.com/css/images/Popular-item3.jpg" (specified by argument number 66)  	[MsgId: MMSG-26577]
Action.c(35): Downloading resource "https://www.advantageonlineshopping.com/css/images/FacebookLogo.png" (specified by argument number 68)  	[MsgId: MMSG-26577]
Action.c(35): Downloading resource "https://www.advantageonlineshopping.com/catalog/fetchImage?image_id=4700" (specified by argument number 71)  	[MsgId: MMSG-26577]
Action.c(35): Downloading resource "https://www.advantageonlineshopping.com/catalog/fetchImage?image_id=3300" (specified by argument number 73)  	[MsgId: MMSG-26577]
Action.c(35): Error -27644: Step download timeout (120 seconds) has expired when only cross-step downloads (0) were active  	[MsgId: MERR-27644]
End auto log messages stack.	[MsgId: MMSG-10544]


Start auto log messages stack - Iteration 5.	[MsgId: MMSG-10545]
Action.c(35): Downloading resource "https://www.advantageonlineshopping.com/css/images/Popular-item3.jpg" (specified by argument number 66)  	[MsgId: MMSG-26577]
Action.c(35): Downloading resource "https://www.advantageonlineshopping.com/css/images/FacebookLogo.png" (specified by argument number 68)  	[MsgId: MMSG-26577]
Action.c(35): Downloading resource "https://www.advantageonlineshopping.com/catalog/fetchImage?image_id=4700" (specified by argument number 71)  	[MsgId: MMSG-26577]
Action.c(35): Downloading resource "https://www.advantageonlineshopping.com/catalog/fetchImage?image_id=3300" (specified by argument number 73)  	[MsgId: MMSG-26577]
Action.c(35): Warning -27760: Request "https://www.advantageonlineshopping.com/css/images/Special-offer.jpg" failed  	[MsgId: MWAR-27760]
Action.c(35): Error -27644: Step download timeout (120 seconds) has expired when only cross-step downloads (0) were active  	[MsgId: MERR-27644]
End auto log messages stack.	[MsgId: MMSG-10544]


Start auto log messages stack - Iteration 6.	[MsgId: MMSG-10545]
Action.c(172): Registering web_reg_save_param was successful  	[MsgId: MMSG-26390]
Action.c(177): web_reg_save_param started  	[MsgId: MMSG-26355]
Action.c(177): Registering web_reg_save_param was successful  	[MsgId: MMSG-26390]
Action.c(184): web_add_header("Authorization") started  	[MsgId: MMSG-26355]
Action.c(184): Warning -26594: The header being added may cause unpredictable results if applied to ALL the URLs generated on behalf of the next script function. It will apply to the primary URL only.  	[MsgId: MWAR-26594]
Action.c(184): web_add_header("Authorization") highest severity level was "warning"  	[MsgId: MMSG-26391]
Action.c(186): web_url("{UserID}_3") started  	[MsgId: MMSG-26355]
Action.c(186): Error -26377: No match found for the requested parameter "productID". Either the specified boundaries were not found in the response or the matched text is longer than current max html parameter size of 256 bytes. The total length of the response is 111 bytes. You can use "web_set_max_html_param_len" to increase the max parameter size.  	[MsgId: MERR-26377]
Action.c(186): Error -26377: No match found for the requested parameter "quantity". Either the specified boundaries were not found in the response or the matched text is longer than current max html parameter size of 256 bytes. The total length of the response is 111 bytes. You can use "web_set_max_html_param_len" to increase the max parameter size.  	[MsgId: MERR-26377]
Action.c(186): Error -26377: No match found for the requested parameter "color". Either the specified boundaries were not found in the response or the matched text is longer than current max html parameter size of 256 bytes. The total length of the response is 111 bytes. You can use "web_set_max_html_param_len" to increase the max parameter size.  	[MsgId: MERR-26377]
End auto log messages stack.	[MsgId: MMSG-10544]


Start auto log messages stack - Iteration 19.	[MsgId: MMSG-10545]
Action.c(35): Downloading resource "https://www.advantageonlineshopping.com/css/images/Popular-item2.jpg" (specified by argument number 64)  	[MsgId: MMSG-26577]
Action.c(35): Downloading resource "https://www.advantageonlineshopping.com/css/images/Popular-item3.jpg" (specified by argument number 66)  	[MsgId: MMSG-26577]
Action.c(35): Downloading resource "https://www.advantageonlineshopping.com/css/images/FacebookLogo.png" (specified by argument number 68)  	[MsgId: MMSG-26577]
Action.c(35): Downloading resource "https://www.advantageonlineshopping.com/catalog/fetchImage?image_id=4700" (specified by argument number 71)  	[MsgId: MMSG-26577]
Action.c(35): Downloading resource "https://www.advantageonlineshopping.com/catalog/fetchImage?image_id=3300" (specified by argument number 73)  	[MsgId: MMSG-26577]
Action.c(35): Error -27644: Step download timeout (120 seconds) has expired when only cross-step downloads (0) were active  	[MsgId: MERR-27644]
End auto log messages stack.	[MsgId: MMSG-10544]


Start auto log messages stack - Iteration 7.	[MsgId: MMSG-10545]
Action.c(35): Downloading resource "https://www.advantageonlineshopping.com/css/images/Popular-item2.jpg" (specified by argument number 64)  	[MsgId: MMSG-26577]
Action.c(35): Downloading resource "https://www.advantageonlineshopping.com/css/images/Popular-item3.jpg" (specified by argument number 66)  	[MsgId: MMSG-26577]
Action.c(35): Downloading resource "https://www.advantageonlineshopping.com/css/images/FacebookLogo.png" (specified by argument number 68)  	[MsgId: MMSG-26577]
Action.c(35): Downloading resource "https://www.advantageonlineshopping.com/catalog/fetchImage?image_id=4700" (specified by argument number 71)  	[MsgId: MMSG-26577]
Action.c(35): Downloading resource "https://www.advantageonlineshopping.com/catalog/fetchImage?image_id=3300" (specified by argument number 73)  	[MsgId: MMSG-26577]
Action.c(35): Error -27644: Step download timeout (120 seconds) has expired when only cross-step downloads (0) were active  	[MsgId: MERR-27644]
End auto log messages stack.	[MsgId: MMSG-10544]


Start auto log messages stack - Iteration 21.	[MsgId: MMSG-10545]
Action.c(35): Downloading resource "https://www.advantageonlineshopping.com/css/images/Popular-item3.jpg" (specified by argument number 66)  	[MsgId: MMSG-26577]
Action.c(35): Downloading resource "https://www.advantageonlineshopping.com/css/images/FacebookLogo.png" (specified by argument number 68)  	[MsgId: MMSG-26577]
Action.c(35): Downloading resource "https://www.advantageonlineshopping.com/catalog/fetchImage?image_id=4700" (specified by argument number 71)  	[MsgId: MMSG-26577]
Action.c(35): Downloading resource "https://www.advantageonlineshopping.com/catalog/fetchImage?image_id=3300" (specified by argument number 73)  	[MsgId: MMSG-26577]
Action.c(35): Warning -27760: Request "https://www.advantageonlineshopping.com/catalog/fetchImage?image_id=4700" failed  	[MsgId: MWAR-27760]
Action.c(35): Error -27644: Step download timeout (120 seconds) has expired when only cross-step downloads (0) were active  	[MsgId: MERR-27644]
End auto log messages stack.	[MsgId: MMSG-10544]


Start auto log messages stack - Iteration 9.	[MsgId: MMSG-10545]
Action.c(35): Downloading resource "https://www.advantageonlineshopping.com/css/images/Popular-item2.jpg" (specified by argument number 64)  	[MsgId: MMSG-26577]
Action.c(35): Downloading resource "https://www.advantageonlineshopping.com/css/images/Popular-item3.jpg" (specified by argument number 66)  	[MsgId: MMSG-26577]
Action.c(35): Downloading resource "https://www.advantageonlineshopping.com/css/images/FacebookLogo.png" (specified by argument number 68)  	[MsgId: MMSG-26577]
Action.c(35): Downloading resource "https://www.advantageonlineshopping.com/catalog/fetchImage?image_id=4700" (specified by argument number 71)  	[MsgId: MMSG-26577]
Action.c(35): Downloading resource "https://www.advantageonlineshopping.com/catalog/fetchImage?image_id=3300" (specified by argument number 73)  	[MsgId: MMSG-26577]
Action.c(35): Error -27644: Step download timeout (120 seconds) has expired when only cross-step downloads (0) were active  	[MsgId: MERR-27644]
End auto log messages stack.	[MsgId: MMSG-10544]


Start auto log messages stack - Iteration 23.	[MsgId: MMSG-10545]
Action.c(35): Downloading resource "https://www.advantageonlineshopping.com/css/images/Popular-item2.jpg" (specified by argument number 64)  	[MsgId: MMSG-26577]
Action.c(35): Downloading resource "https://www.advantageonlineshopping.com/css/images/Popular-item3.jpg" (specified by argument number 66)  	[MsgId: MMSG-26577]
Action.c(35): Downloading resource "https://www.advantageonlineshopping.com/css/images/FacebookLogo.png" (specified by argument number 68)  	[MsgId: MMSG-26577]
Action.c(35): Downloading resource "https://www.advantageonlineshopping.com/catalog/fetchImage?image_id=4700" (specified by argument number 71)  	[MsgId: MMSG-26577]
Action.c(35): Downloading resource "https://www.advantageonlineshopping.com/catalog/fetchImage?image_id=3300" (specified by argument number 73)  	[MsgId: MMSG-26577]
Action.c(35): Error -27644: Step download timeout (120 seconds) has expired when only cross-step downloads (0) were active  	[MsgId: MERR-27644]
End auto log messages stack.	[MsgId: MMSG-10544]


Start auto log messages stack - Iteration 10.	[MsgId: MMSG-10545]
Action.c(35): Downloading resource "https://www.advantageonlineshopping.com/css/images/Popular-item2.jpg" (specified by argument number 64)  	[MsgId: MMSG-26577]
Action.c(35): Downloading resource "https://www.advantageonlineshopping.com/css/images/Popular-item3.jpg" (specified by argument number 66)  	[MsgId: MMSG-26577]
Action.c(35): Downloading resource "https://www.advantageonlineshopping.com/css/images/FacebookLogo.png" (specified by argument number 68)  	[MsgId: MMSG-26577]
Action.c(35): Downloading resource "https://www.advantageonlineshopping.com/catalog/fetchImage?image_id=4700" (specified by argument number 71)  	[MsgId: MMSG-26577]
Action.c(35): Downloading resource "https://www.advantageonlineshopping.com/catalog/fetchImage?image_id=3300" (specified by argument number 73)  	[MsgId: MMSG-26577]
Action.c(35): Error -27644: Step download timeout (120 seconds) has expired when only cross-step downloads (0) were active  	[MsgId: MERR-27644]
End auto log messages stack.	[MsgId: MMSG-10544]


Start auto log messages stack - Iteration 1.	[MsgId: MMSG-10545]
Action.c(35): Downloading resource "https://www.advantageonlineshopping.com/css/images/Popular-item2.jpg" (specified by argument number 64)  	[MsgId: MMSG-26577]
Action.c(35): Downloading resource "https://www.advantageonlineshopping.com/css/images/Popular-item3.jpg" (specified by argument number 66)  	[MsgId: MMSG-26577]
Action.c(35): Downloading resource "https://www.advantageonlineshopping.com/css/images/FacebookLogo.png" (specified by argument number 68)  	[MsgId: MMSG-26577]
Action.c(35): Downloading resource "https://www.advantageonlineshopping.com/catalog/fetchImage?image_id=4700" (specified by argument number 71)  	[MsgId: MMSG-26577]
Action.c(35): Downloading resource "https://www.advantageonlineshopping.com/catalog/fetchImage?image_id=3300" (specified by argument number 73)  	[MsgId: MMSG-26577]
Action.c(35): Error -27644: Step download timeout (120 seconds) has expired when only cross-step downloads (0) were active  	[MsgId: MERR-27644]
End auto log messages stack.	[MsgId: MMSG-10544]


Start auto log messages stack - Iteration 11.	[MsgId: MMSG-10545]
Action.c(35): Downloading resource "https://www.advantageonlineshopping.com/catalog/fetchImage?image_id=3300" (specified by argument number 73)  	[MsgId: MMSG-26577]
Action.c(35): Warning -27760: Request "https://www.advantageonlineshopping.com/css/images/Banner1.jpg" failed  	[MsgId: MWAR-27760]
Action.c(35): Warning -27760: Request "https://www.advantageonlineshopping.com/catalog/fetchImage?image_id=mice" failed  	[MsgId: MWAR-27760]
Action.c(35): Warning -27760: Request "https://www.advantageonlineshopping.com/css/images/Popular-item3.jpg" failed  	[MsgId: MWAR-27760]
Action.c(35): Warning -27760: Request "https://www.advantageonlineshopping.com/css/images/Popular-item1.jpg" failed  	[MsgId: MWAR-27760]
Action.c(35): Error -27644: Step download timeout (120 seconds) has expired when only cross-step downloads (0) were active  	[MsgId: MERR-27644]
End auto log messages stack.	[MsgId: MMSG-10544]


Start auto log messages stack - Iteration 2.	[MsgId: MMSG-10545]
Action.c(35): Downloading resource "https://www.advantageonlineshopping.com/css/images/Popular-item2.jpg" (specified by argument number 64)  	[MsgId: MMSG-26577]
Action.c(35): Downloading resource "https://www.advantageonlineshopping.com/css/images/Popular-item3.jpg" (specified by argument number 66)  	[MsgId: MMSG-26577]
Action.c(35): Downloading resource "https://www.advantageonlineshopping.com/css/images/FacebookLogo.png" (specified by argument number 68)  	[MsgId: MMSG-26577]
Action.c(35): Downloading resource "https://www.advantageonlineshopping.com/catalog/fetchImage?image_id=4700" (specified by argument number 71)  	[MsgId: MMSG-26577]
Action.c(35): Downloading resource "https://www.advantageonlineshopping.com/catalog/fetchImage?image_id=3300" (specified by argument number 73)  	[MsgId: MMSG-26577]
Action.c(35): Error -27644: Step download timeout (120 seconds) has expired when only cross-step downloads (0) were active  	[MsgId: MERR-27644]
End auto log messages stack.	[MsgId: MMSG-10544]


Start auto log messages stack - Iteration 26.	[MsgId: MMSG-10545]
Action.c(35): Downloading resource "https://www.advantageonlineshopping.com/catalog/fetchImage?image_id=4700" (specified by argument number 71)  	[MsgId: MMSG-26577]
Action.c(35): Downloading resource "https://www.advantageonlineshopping.com/catalog/fetchImage?image_id=3300" (specified by argument number 73)  	[MsgId: MMSG-26577]
Action.c(35): Warning -27760: Request "https://www.advantageonlineshopping.com/css/images/Popular-item1.jpg" failed  	[MsgId: MWAR-27760]
Action.c(35): Warning -27760: Request "https://www.advantageonlineshopping.com/catalog/fetchImage?image_id=mice" failed  	[MsgId: MWAR-27760]
Action.c(35): Warning -27760: Request "https://www.advantageonlineshopping.com/css/main.min.css" failed  	[MsgId: MWAR-27760]
Action.c(35): Error -27644: Step download timeout (120 seconds) has expired when only cross-step downloads (0) were active  	[MsgId: MERR-27644]
End auto log messages stack.	[MsgId: MMSG-10544]


Start auto log messages stack - Iteration 12.	[MsgId: MMSG-10545]
Action.c(35): Downloading resource "https://www.advantageonlineshopping.com/css/images/Popular-item2.jpg" (specified by argument number 64)  	[MsgId: MMSG-26577]
Action.c(35): Downloading resource "https://www.advantageonlineshopping.com/css/images/Popular-item3.jpg" (specified by argument number 66)  	[MsgId: MMSG-26577]
Action.c(35): Downloading resource "https://www.advantageonlineshopping.com/css/images/FacebookLogo.png" (specified by argument number 68)  	[MsgId: MMSG-26577]
Action.c(35): Downloading resource "https://www.advantageonlineshopping.com/catalog/fetchImage?image_id=4700" (specified by argument number 71)  	[MsgId: MMSG-26577]
Action.c(35): Downloading resource "https://www.advantageonlineshopping.com/catalog/fetchImage?image_id=3300" (specified by argument number 73)  	[MsgId: MMSG-26577]
Action.c(35): Error -27644: Step download timeout (120 seconds) has expired when only cross-step downloads (0) were active  	[MsgId: MERR-27644]
End auto log messages stack.	[MsgId: MMSG-10544]


Start auto log messages stack - Iteration 3.	[MsgId: MMSG-10545]
Action.c(35): Downloading resource "https://www.advantageonlineshopping.com/css/images/Popular-item2.jpg" (specified by argument number 64)  	[MsgId: MMSG-26577]
Action.c(35): Downloading resource "https://www.advantageonlineshopping.com/css/images/Popular-item3.jpg" (specified by argument number 66)  	[MsgId: MMSG-26577]
Action.c(35): Downloading resource "https://www.advantageonlineshopping.com/css/images/FacebookLogo.png" (specified by argument number 68)  	[MsgId: MMSG-26577]
Action.c(35): Downloading resource "https://www.advantageonlineshopping.com/catalog/fetchImage?image_id=4700" (specified by argument number 71)  	[MsgId: MMSG-26577]
Action.c(35): Downloading resource "https://www.advantageonlineshopping.com/catalog/fetchImage?image_id=3300" (specified by argument number 73)  	[MsgId: MMSG-26577]
Action.c(35): Error -27644: Step download timeout (120 seconds) has expired when only cross-step downloads (0) were active  	[MsgId: MERR-27644]
End auto log messages stack.	[MsgId: MMSG-10544]


Start auto log messages stack - Iteration 4.	[MsgId: MMSG-10545]
Action.c(35): Downloading resource "https://www.advantageonlineshopping.com/css/images/Popular-item2.jpg" (specified by argument number 64)  	[MsgId: MMSG-26577]
Action.c(35): Downloading resource "https://www.advantageonlineshopping.com/css/images/Popular-item3.jpg" (specified by argument number 66)  	[MsgId: MMSG-26577]
Action.c(35): Downloading resource "https://www.advantageonlineshopping.com/css/images/FacebookLogo.png" (specified by argument number 68)  	[MsgId: MMSG-26577]
Action.c(35): Downloading resource "https://www.advantageonlineshopping.com/catalog/fetchImage?image_id=4700" (specified by argument number 71)  	[MsgId: MMSG-26577]
Action.c(35): Downloading resource "https://www.advantageonlineshopping.com/catalog/fetchImage?image_id=3300" (specified by argument number 73)  	[MsgId: MMSG-26577]
Action.c(35): Error -27644: Step download timeout (120 seconds) has expired when only cross-step downloads (0) were active  	[MsgId: MERR-27644]
End auto log messages stack.	[MsgId: MMSG-10544]


Start auto log messages stack - Iteration 14.	[MsgId: MMSG-10545]
Action.c(35): Warning -27760: Request "https://www.advantageonlineshopping.com/css/images/linkedin.png" failed  	[MsgId: MWAR-27760]
Action.c(35): Warning -27760: Request "https://www.advantageonlineshopping.com/catalog/fetchImage?image_id=mice" failed  	[MsgId: MWAR-27760]
Action.c(35): Warning -27760: Request "https://www.advantageonlineshopping.com/catalog/fetchImage?image_id=laptops" failed  	[MsgId: MWAR-27760]
Action.c(35): Warning -27760: Request "https://www.advantageonlineshopping.com/catalog/fetchImage?image_id=3300" failed  	[MsgId: MWAR-27760]
Action.c(35): Warning -27760: Request "https://www.advantageonlineshopping.com/css/images/FacebookLogo.png" failed  	[MsgId: MWAR-27760]
Action.c(35): Error -27644: Step download timeout (120 seconds) has expired when only cross-step downloads (0) were active  	[MsgId: MERR-27644]
End auto log messages stack.	[MsgId: MMSG-10544]


Start auto log messages stack - Iteration 15.	[MsgId: MMSG-10545]
Action.c(35): Warning -27760: Request "https://www.advantageonlineshopping.com/catalog/fetchImage?image_id=4700" failed  	[MsgId: MWAR-27760]
Action.c(35): Warning -27760: Request "https://www.advantageonlineshopping.com/catalog/fetchImage?image_id=mice" failed  	[MsgId: MWAR-27760]
Action.c(35): Warning -27760: Request "https://www.advantageonlineshopping.com/css/images/Special-offer.jpg" failed  	[MsgId: MWAR-27760]
Action.c(35): Warning -27760: Request "https://www.advantageonlineshopping.com/main.min.js" failed  	[MsgId: MWAR-27760]
Action.c(35): Warning -27760: Request "https://www.advantageonlineshopping.com/vendor/requirejs/require.js" failed  	[MsgId: MWAR-27760]
Action.c(35): Error -27644: Step download timeout (120 seconds) has expired when only cross-step downloads (0) were active  	[MsgId: MERR-27644]
End auto log messages stack.	[MsgId: MMSG-10544]


Start auto log messages stack - Iteration 32.	[MsgId: MMSG-10545]
Action.c(35): Warning -27760: Request "https://www.advantageonlineshopping.com/catalog/fetchImage?image_id=4700" failed  	[MsgId: MWAR-27760]
Action.c(35): Warning -27760: Request "https://www.advantageonlineshopping.com/css/images/Banner3.jpg" failed  	[MsgId: MWAR-27760]
Action.c(35): Warning -27760: Request "https://www.advantageonlineshopping.com/catalog/fetchImage?image_id=headphones" failed  	[MsgId: MWAR-27760]
Action.c(35): Warning -27760: Request "https://www.advantageonlineshopping.com/catalog/fetchImage?image_id=3300" failed  	[MsgId: MWAR-27760]
Action.c(35): Warning -27760: Request "https://www.advantageonlineshopping.com/css/images/Popular-item2.jpg" failed  	[MsgId: MWAR-27760]
Action.c(35): Error -27644: Step download timeout (120 seconds) has expired when only cross-step downloads (0) were active  	[MsgId: MERR-27644]
End auto log messages stack.	[MsgId: MMSG-10544]


Start auto log messages stack - Iteration 7.	[MsgId: MMSG-10545]
Action.c(35): Warning -27760: Request "https://www.advantageonlineshopping.com/catalog/fetchImage?image_id=speakers" failed  	[MsgId: MWAR-27760]
Action.c(35): Warning -27760: Request "https://www.advantageonlineshopping.com/css/fonts/roboto_medium_macroman/Roboto-Medium-webfont.woff" failed  	[MsgId: MWAR-27760]
Action.c(35): Warning -27760: Request "https://www.advantageonlineshopping.com/css/fonts/roboto_bold_macroman/Roboto-Bold-webfont.woff" failed  	[MsgId: MWAR-27760]
Action.c(35): Warning -27760: Request "https://www.advantageonlineshopping.com/css/images/Special-offer.jpg" failed  	[MsgId: MWAR-27760]
Action.c(35): Warning -27760: Request "https://www.advantageonlineshopping.com/catalog/fetchImage?image_id=tablets" failed  	[MsgId: MWAR-27760]
Action.c(35): Error -27644: Step download timeout (120 seconds) has expired when only cross-step downloads (0) were active  	[MsgId: MERR-27644]
End auto log messages stack.	[MsgId: MMSG-10544]


Start auto log messages stack - Iteration 8.	[MsgId: MMSG-10545]
Action.c(35): Downloading resource "https://www.advantageonlineshopping.com/catalog/fetchImage?image_id=4700" (specified by argument number 71)  	[MsgId: MMSG-26577]
Action.c(35): Downloading resource "https://www.advantageonlineshopping.com/catalog/fetchImage?image_id=3300" (specified by argument number 73)  	[MsgId: MMSG-26577]
Action.c(35): Warning -27760: Request "https://www.advantageonlineshopping.com/catalog/fetchImage?image_id=4700" failed  	[MsgId: MWAR-27760]
Action.c(35): Warning -27760: Request "https://www.advantageonlineshopping.com/catalog/fetchImage?image_id=mice" failed  	[MsgId: MWAR-27760]
Action.c(35): Warning -27760: Request "https://www.advantageonlineshopping.com/catalog/fetchImage?image_id=speakers" failed  	[MsgId: MWAR-27760]
Action.c(35): Error -27644: Step download timeout (120 seconds) has expired when only cross-step downloads (0) were active  	[MsgId: MERR-27644]
End auto log messages stack.	[MsgId: MMSG-10544]


Start auto log messages stack - Iteration 34.	[MsgId: MMSG-10545]
Action.c(35): Downloading resource "https://www.advantageonlineshopping.com/css/images/Popular-item2.jpg" (specified by argument number 64)  	[MsgId: MMSG-26577]
Action.c(35): Downloading resource "https://www.advantageonlineshopping.com/css/images/Popular-item3.jpg" (specified by argument number 66)  	[MsgId: MMSG-26577]
Action.c(35): Downloading resource "https://www.advantageonlineshopping.com/css/images/FacebookLogo.png" (specified by argument number 68)  	[MsgId: MMSG-26577]
Action.c(35): Downloading resource "https://www.advantageonlineshopping.com/catalog/fetchImage?image_id=4700" (specified by argument number 71)  	[MsgId: MMSG-26577]
Action.c(35): Downloading resource "https://www.advantageonlineshopping.com/catalog/fetchImage?image_id=3300" (specified by argument number 73)  	[MsgId: MMSG-26577]
Action.c(35): Error -27644: Step download timeout (120 seconds) has expired when only cross-step downloads (0) were active  	[MsgId: MERR-27644]
End auto log messages stack.	[MsgId: MMSG-10544]


Start auto log messages stack - Iteration 9.	[MsgId: MMSG-10545]
Action.c(35): Downloading resource "https://www.advantageonlineshopping.com/catalog/fetchImage?image_id=3300" (specified by argument number 73)  	[MsgId: MMSG-26577]
Action.c(35): Warning -27760: Request "https://www.advantageonlineshopping.com/css/main.min.css" failed  	[MsgId: MWAR-27760]
Action.c(35): Warning -27760: Request "https://www.advantageonlineshopping.com/vendor/requirejs/require.js" failed  	[MsgId: MWAR-27760]
Action.c(35): Warning -27760: Request "https://www.advantageonlineshopping.com/catalog/fetchImage?image_id=speakers" failed  	[MsgId: MWAR-27760]
Action.c(35): Warning -27760: Request "https://www.advantageonlineshopping.com/catalog/fetchImage?image_id=tablets" failed  	[MsgId: MWAR-27760]
Action.c(35): Error -27644: Step download timeout (120 seconds) has expired when only cross-step downloads (0) were active  	[MsgId: MERR-27644]
End auto log messages stack.	[MsgId: MMSG-10544]


