Error: missing newline in C:\Users\Nikitka\Documents\VuGen\Scripts\WS_UC2_Registration\genNumber.dat	[MsgId: MERR-13874]
Error: missing newline in C:\Users\Nikitka\Documents\VuGen\Scripts\WS_UC2_Registration\country.dat	[MsgId: MERR-13874]
Start auto log messages stack - Iteration 7.	[MsgId: MMSG-10545]
Action.c(54): Downloading resource "https://www.advantageonlineshopping.com/css/images/Popular-item2.jpg" (specified by argument number 64)  	[MsgId: MMSG-26577]
Action.c(54): Downloading resource "https://www.advantageonlineshopping.com/css/images/Popular-item3.jpg" (specified by argument number 66)  	[MsgId: MMSG-26577]
Action.c(54): Downloading resource "https://www.advantageonlineshopping.com/css/images/FacebookLogo.png" (specified by argument number 68)  	[MsgId: MMSG-26577]
Action.c(54): Downloading resource "https://www.advantageonlineshopping.com/css/images/Check.png" (specified by argument number 71)  	[MsgId: MMSG-26577]
Action.c(54): Downloading resource "https://www.advantageonlineshopping.com/css/images/Bell.png" (specified by argument number 74)  	[MsgId: MMSG-26577]
Action.c(54): Error -27644: Step download timeout (120 seconds) has expired when only cross-step downloads (0) were active  	[MsgId: MERR-27644]
End auto log messages stack.	[MsgId: MMSG-10544]


Start auto log messages stack - Iteration 1.	[MsgId: MMSG-10545]
Action.c(54): Downloading resource "https://www.advantageonlineshopping.com/css/images/Popular-item2.jpg" (specified by argument number 64)  	[MsgId: MMSG-26577]
Action.c(54): Downloading resource "https://www.advantageonlineshopping.com/css/images/Popular-item3.jpg" (specified by argument number 66)  	[MsgId: MMSG-26577]
Action.c(54): Downloading resource "https://www.advantageonlineshopping.com/css/images/FacebookLogo.png" (specified by argument number 68)  	[MsgId: MMSG-26577]
Action.c(54): Downloading resource "https://www.advantageonlineshopping.com/css/images/Check.png" (specified by argument number 71)  	[MsgId: MMSG-26577]
Action.c(54): Downloading resource "https://www.advantageonlineshopping.com/css/images/Bell.png" (specified by argument number 74)  	[MsgId: MMSG-26577]
Action.c(54): Error -27644: Step download timeout (120 seconds) has expired when only cross-step downloads (0) were active  	[MsgId: MERR-27644]
End auto log messages stack.	[MsgId: MMSG-10544]


Start auto log messages stack - Iteration 12.	[MsgId: MMSG-10545]
Action.c(54): Downloading resource "https://www.advantageonlineshopping.com/css/images/Popular-item2.jpg" (specified by argument number 64)  	[MsgId: MMSG-26577]
Action.c(54): Downloading resource "https://www.advantageonlineshopping.com/css/images/Popular-item3.jpg" (specified by argument number 66)  	[MsgId: MMSG-26577]
Action.c(54): Downloading resource "https://www.advantageonlineshopping.com/css/images/FacebookLogo.png" (specified by argument number 68)  	[MsgId: MMSG-26577]
Action.c(54): Downloading resource "https://www.advantageonlineshopping.com/css/images/Check.png" (specified by argument number 71)  	[MsgId: MMSG-26577]
Action.c(54): Downloading resource "https://www.advantageonlineshopping.com/css/images/Bell.png" (specified by argument number 74)  	[MsgId: MMSG-26577]
Action.c(54): Error -27644: Step download timeout (120 seconds) has expired when only cross-step downloads (0) were active  	[MsgId: MERR-27644]
End auto log messages stack.	[MsgId: MMSG-10544]


Start auto log messages stack - Iteration 3.	[MsgId: MMSG-10545]
Action.c(54): Downloading resource "https://www.advantageonlineshopping.com/css/images/Popular-item2.jpg" (specified by argument number 64)  	[MsgId: MMSG-26577]
Action.c(54): Downloading resource "https://www.advantageonlineshopping.com/css/images/Popular-item3.jpg" (specified by argument number 66)  	[MsgId: MMSG-26577]
Action.c(54): Downloading resource "https://www.advantageonlineshopping.com/css/images/FacebookLogo.png" (specified by argument number 68)  	[MsgId: MMSG-26577]
Action.c(54): Downloading resource "https://www.advantageonlineshopping.com/css/images/Check.png" (specified by argument number 71)  	[MsgId: MMSG-26577]
Action.c(54): Downloading resource "https://www.advantageonlineshopping.com/css/images/Bell.png" (specified by argument number 74)  	[MsgId: MMSG-26577]
Action.c(54): Error -27644: Step download timeout (120 seconds) has expired when only cross-step downloads (0) were active  	[MsgId: MERR-27644]
End auto log messages stack.	[MsgId: MMSG-10544]


Start auto log messages stack - Iteration 4.	[MsgId: MMSG-10545]
Action.c(54): Downloading resource "https://www.advantageonlineshopping.com/css/images/Popular-item2.jpg" (specified by argument number 64)  	[MsgId: MMSG-26577]
Action.c(54): Downloading resource "https://www.advantageonlineshopping.com/css/images/Popular-item3.jpg" (specified by argument number 66)  	[MsgId: MMSG-26577]
Action.c(54): Downloading resource "https://www.advantageonlineshopping.com/css/images/FacebookLogo.png" (specified by argument number 68)  	[MsgId: MMSG-26577]
Action.c(54): Downloading resource "https://www.advantageonlineshopping.com/css/images/Check.png" (specified by argument number 71)  	[MsgId: MMSG-26577]
Action.c(54): Downloading resource "https://www.advantageonlineshopping.com/css/images/Bell.png" (specified by argument number 74)  	[MsgId: MMSG-26577]
Action.c(54): Error -27644: Step download timeout (120 seconds) has expired when only cross-step downloads (0) were active  	[MsgId: MERR-27644]
End auto log messages stack.	[MsgId: MMSG-10544]


Start auto log messages stack - Iteration 15.	[MsgId: MMSG-10545]
Action.c(54): Warning -27760: Request "https://www.advantageonlineshopping.com/css/images/Banner3.jpg" failed  	[MsgId: MWAR-27760]
Action.c(54): Warning -27760: Request "https://www.advantageonlineshopping.com/css/images/FacebookLogo.png" failed  	[MsgId: MWAR-27760]
Action.c(54): Warning -27760: Request "https://www.advantageonlineshopping.com/catalog/fetchImage?image_id=laptops" failed  	[MsgId: MWAR-27760]
Action.c(54): Warning -27760: Request "https://www.advantageonlineshopping.com/catalog/fetchImage?image_id=mice" failed  	[MsgId: MWAR-27760]
Action.c(54): Warning -27760: Request "https://www.advantageonlineshopping.com/css/images/Popular-item1.jpg" failed  	[MsgId: MWAR-27760]
Action.c(54): Error -27644: Step download timeout (120 seconds) has expired when only cross-step downloads (0) were active  	[MsgId: MERR-27644]
End auto log messages stack.	[MsgId: MMSG-10544]


Start auto log messages stack - Iteration 17.	[MsgId: MMSG-10545]
Action.c(54): Downloading resource "https://www.advantageonlineshopping.com/css/images/FacebookLogo.png" (specified by argument number 68)  	[MsgId: MMSG-26577]
Action.c(54): Downloading resource "https://www.advantageonlineshopping.com/css/images/Check.png" (specified by argument number 71)  	[MsgId: MMSG-26577]
Action.c(54): Downloading resource "https://www.advantageonlineshopping.com/css/images/Bell.png" (specified by argument number 74)  	[MsgId: MMSG-26577]
Action.c(54): Warning -27760: Request "https://www.advantageonlineshopping.com/catalog/fetchImage?image_id=headphones" failed  	[MsgId: MWAR-27760]
Action.c(54): Warning -27760: Request "https://www.advantageonlineshopping.com/catalog/fetchImage?image_id=tablets" failed  	[MsgId: MWAR-27760]
Action.c(54): Error -27644: Step download timeout (120 seconds) has expired when only cross-step downloads (0) were active  	[MsgId: MERR-27644]
End auto log messages stack.	[MsgId: MMSG-10544]


Start auto log messages stack - Iteration 12.	[MsgId: MMSG-10545]
Action.c(54): Downloading resource "https://www.advantageonlineshopping.com/css/images/Popular-item2.jpg" (specified by argument number 64)  	[MsgId: MMSG-26577]
Action.c(54): Downloading resource "https://www.advantageonlineshopping.com/css/images/Popular-item3.jpg" (specified by argument number 66)  	[MsgId: MMSG-26577]
Action.c(54): Downloading resource "https://www.advantageonlineshopping.com/css/images/FacebookLogo.png" (specified by argument number 68)  	[MsgId: MMSG-26577]
Action.c(54): Downloading resource "https://www.advantageonlineshopping.com/css/images/Check.png" (specified by argument number 71)  	[MsgId: MMSG-26577]
Action.c(54): Downloading resource "https://www.advantageonlineshopping.com/css/images/Bell.png" (specified by argument number 74)  	[MsgId: MMSG-26577]
Action.c(54): Error -27644: Step download timeout (120 seconds) has expired when only cross-step downloads (0) were active  	[MsgId: MERR-27644]
End auto log messages stack.	[MsgId: MMSG-10544]


Start auto log messages stack - Iteration 20.	[MsgId: MMSG-10545]
Action.c(54): Downloading resource "https://www.advantageonlineshopping.com/css/images/Popular-item2.jpg" (specified by argument number 64)  	[MsgId: MMSG-26577]
Action.c(54): Downloading resource "https://www.advantageonlineshopping.com/css/images/Popular-item3.jpg" (specified by argument number 66)  	[MsgId: MMSG-26577]
Action.c(54): Downloading resource "https://www.advantageonlineshopping.com/css/images/FacebookLogo.png" (specified by argument number 68)  	[MsgId: MMSG-26577]
Action.c(54): Downloading resource "https://www.advantageonlineshopping.com/css/images/Check.png" (specified by argument number 71)  	[MsgId: MMSG-26577]
Action.c(54): Downloading resource "https://www.advantageonlineshopping.com/css/images/Bell.png" (specified by argument number 74)  	[MsgId: MMSG-26577]
Action.c(54): Error -27644: Step download timeout (120 seconds) has expired when only cross-step downloads (0) were active  	[MsgId: MERR-27644]
End auto log messages stack.	[MsgId: MMSG-10544]


Start auto log messages stack - Iteration 13.	[MsgId: MMSG-10545]
Action.c(54): Downloading resource "https://www.advantageonlineshopping.com/css/images/Popular-item2.jpg" (specified by argument number 64)  	[MsgId: MMSG-26577]
Action.c(54): Downloading resource "https://www.advantageonlineshopping.com/css/images/Popular-item3.jpg" (specified by argument number 66)  	[MsgId: MMSG-26577]
Action.c(54): Downloading resource "https://www.advantageonlineshopping.com/css/images/FacebookLogo.png" (specified by argument number 68)  	[MsgId: MMSG-26577]
Action.c(54): Downloading resource "https://www.advantageonlineshopping.com/css/images/Check.png" (specified by argument number 71)  	[MsgId: MMSG-26577]
Action.c(54): Downloading resource "https://www.advantageonlineshopping.com/css/images/Bell.png" (specified by argument number 74)  	[MsgId: MMSG-26577]
Action.c(54): Error -27644: Step download timeout (120 seconds) has expired when only cross-step downloads (0) were active  	[MsgId: MERR-27644]
End auto log messages stack.	[MsgId: MMSG-10544]


Start auto log messages stack - Iteration 1.	[MsgId: MMSG-10545]
Action.c(54): Downloading resource "https://www.advantageonlineshopping.com/css/images/Popular-item2.jpg" (specified by argument number 64)  	[MsgId: MMSG-26577]
Action.c(54): Downloading resource "https://www.advantageonlineshopping.com/css/images/Popular-item3.jpg" (specified by argument number 66)  	[MsgId: MMSG-26577]
Action.c(54): Downloading resource "https://www.advantageonlineshopping.com/css/images/FacebookLogo.png" (specified by argument number 68)  	[MsgId: MMSG-26577]
Action.c(54): Downloading resource "https://www.advantageonlineshopping.com/css/images/Check.png" (specified by argument number 71)  	[MsgId: MMSG-26577]
Action.c(54): Downloading resource "https://www.advantageonlineshopping.com/css/images/Bell.png" (specified by argument number 74)  	[MsgId: MMSG-26577]
Action.c(54): Error -27644: Step download timeout (120 seconds) has expired when only cross-step downloads (0) were active  	[MsgId: MERR-27644]
End auto log messages stack.	[MsgId: MMSG-10544]


Start auto log messages stack - Iteration 14.	[MsgId: MMSG-10545]
Action.c(54): Downloading resource "https://www.advantageonlineshopping.com/css/images/Popular-item2.jpg" (specified by argument number 64)  	[MsgId: MMSG-26577]
Action.c(54): Downloading resource "https://www.advantageonlineshopping.com/css/images/Popular-item3.jpg" (specified by argument number 66)  	[MsgId: MMSG-26577]
Action.c(54): Downloading resource "https://www.advantageonlineshopping.com/css/images/FacebookLogo.png" (specified by argument number 68)  	[MsgId: MMSG-26577]
Action.c(54): Downloading resource "https://www.advantageonlineshopping.com/css/images/Check.png" (specified by argument number 71)  	[MsgId: MMSG-26577]
Action.c(54): Downloading resource "https://www.advantageonlineshopping.com/css/images/Bell.png" (specified by argument number 74)  	[MsgId: MMSG-26577]
Action.c(54): Error -27644: Step download timeout (120 seconds) has expired when only cross-step downloads (0) were active  	[MsgId: MERR-27644]
End auto log messages stack.	[MsgId: MMSG-10544]


Start auto log messages stack - Iteration 22.	[MsgId: MMSG-10545]
Action.c(54): Downloading resource "https://www.advantageonlineshopping.com/css/images/Popular-item3.jpg" (specified by argument number 66)  	[MsgId: MMSG-26577]
Action.c(54): Downloading resource "https://www.advantageonlineshopping.com/css/images/FacebookLogo.png" (specified by argument number 68)  	[MsgId: MMSG-26577]
Action.c(54): Downloading resource "https://www.advantageonlineshopping.com/css/images/Check.png" (specified by argument number 71)  	[MsgId: MMSG-26577]
Action.c(54): Downloading resource "https://www.advantageonlineshopping.com/css/images/Bell.png" (specified by argument number 74)  	[MsgId: MMSG-26577]
Action.c(54): Warning -27760: Request "https://www.advantageonlineshopping.com/css/images/Special-offer.jpg" failed  	[MsgId: MWAR-27760]
Action.c(54): Error -27644: Step download timeout (120 seconds) has expired when only cross-step downloads (0) were active  	[MsgId: MERR-27644]
End auto log messages stack.	[MsgId: MMSG-10544]


Start auto log messages stack - Iteration 3.	[MsgId: MMSG-10545]
Action.c(54): Downloading resource "https://www.advantageonlineshopping.com/css/images/Popular-item2.jpg" (specified by argument number 64)  	[MsgId: MMSG-26577]
Action.c(54): Downloading resource "https://www.advantageonlineshopping.com/css/images/Popular-item3.jpg" (specified by argument number 66)  	[MsgId: MMSG-26577]
Action.c(54): Downloading resource "https://www.advantageonlineshopping.com/css/images/FacebookLogo.png" (specified by argument number 68)  	[MsgId: MMSG-26577]
Action.c(54): Downloading resource "https://www.advantageonlineshopping.com/css/images/Check.png" (specified by argument number 71)  	[MsgId: MMSG-26577]
Action.c(54): Downloading resource "https://www.advantageonlineshopping.com/css/images/Bell.png" (specified by argument number 74)  	[MsgId: MMSG-26577]
Action.c(54): Error -27644: Step download timeout (120 seconds) has expired when only cross-step downloads (0) were active  	[MsgId: MERR-27644]
End auto log messages stack.	[MsgId: MMSG-10544]


Start auto log messages stack - Iteration 17.	[MsgId: MMSG-10545]
Action.c(54): Downloading resource "https://www.advantageonlineshopping.com/css/images/Popular-item2.jpg" (specified by argument number 64)  	[MsgId: MMSG-26577]
Action.c(54): Downloading resource "https://www.advantageonlineshopping.com/css/images/Popular-item3.jpg" (specified by argument number 66)  	[MsgId: MMSG-26577]
Action.c(54): Downloading resource "https://www.advantageonlineshopping.com/css/images/FacebookLogo.png" (specified by argument number 68)  	[MsgId: MMSG-26577]
Action.c(54): Downloading resource "https://www.advantageonlineshopping.com/css/images/Check.png" (specified by argument number 71)  	[MsgId: MMSG-26577]
Action.c(54): Downloading resource "https://www.advantageonlineshopping.com/css/images/Bell.png" (specified by argument number 74)  	[MsgId: MMSG-26577]
Action.c(54): Error -27644: Step download timeout (120 seconds) has expired when only cross-step downloads (0) were active  	[MsgId: MERR-27644]
End auto log messages stack.	[MsgId: MMSG-10544]


Start auto log messages stack - Iteration 25.	[MsgId: MMSG-10545]
Action.c(54): Downloading resource "https://www.advantageonlineshopping.com/css/images/Popular-item2.jpg" (specified by argument number 64)  	[MsgId: MMSG-26577]
Action.c(54): Downloading resource "https://www.advantageonlineshopping.com/css/images/Popular-item3.jpg" (specified by argument number 66)  	[MsgId: MMSG-26577]
Action.c(54): Downloading resource "https://www.advantageonlineshopping.com/css/images/FacebookLogo.png" (specified by argument number 68)  	[MsgId: MMSG-26577]
Action.c(54): Downloading resource "https://www.advantageonlineshopping.com/css/images/Check.png" (specified by argument number 71)  	[MsgId: MMSG-26577]
Action.c(54): Downloading resource "https://www.advantageonlineshopping.com/css/images/Bell.png" (specified by argument number 74)  	[MsgId: MMSG-26577]
Action.c(54): Error -27644: Step download timeout (120 seconds) has expired when only cross-step downloads (0) were active  	[MsgId: MERR-27644]
End auto log messages stack.	[MsgId: MMSG-10544]


Start auto log messages stack - Iteration 18.	[MsgId: MMSG-10545]
Action.c(54): Downloading resource "https://www.advantageonlineshopping.com/css/images/Popular-item2.jpg" (specified by argument number 64)  	[MsgId: MMSG-26577]
Action.c(54): Downloading resource "https://www.advantageonlineshopping.com/css/images/Popular-item3.jpg" (specified by argument number 66)  	[MsgId: MMSG-26577]
Action.c(54): Downloading resource "https://www.advantageonlineshopping.com/css/images/FacebookLogo.png" (specified by argument number 68)  	[MsgId: MMSG-26577]
Action.c(54): Downloading resource "https://www.advantageonlineshopping.com/css/images/Check.png" (specified by argument number 71)  	[MsgId: MMSG-26577]
Action.c(54): Downloading resource "https://www.advantageonlineshopping.com/css/images/Bell.png" (specified by argument number 74)  	[MsgId: MMSG-26577]
Action.c(54): Error -27644: Step download timeout (120 seconds) has expired when only cross-step downloads (0) were active  	[MsgId: MERR-27644]
End auto log messages stack.	[MsgId: MMSG-10544]


Start auto log messages stack - Iteration 8.	[MsgId: MMSG-10545]
Action.c(54): Downloading resource "https://www.advantageonlineshopping.com/css/images/Popular-item2.jpg" (specified by argument number 64)  	[MsgId: MMSG-26577]
Action.c(54): Downloading resource "https://www.advantageonlineshopping.com/css/images/Popular-item3.jpg" (specified by argument number 66)  	[MsgId: MMSG-26577]
Action.c(54): Downloading resource "https://www.advantageonlineshopping.com/css/images/FacebookLogo.png" (specified by argument number 68)  	[MsgId: MMSG-26577]
Action.c(54): Downloading resource "https://www.advantageonlineshopping.com/css/images/Check.png" (specified by argument number 71)  	[MsgId: MMSG-26577]
Action.c(54): Downloading resource "https://www.advantageonlineshopping.com/css/images/Bell.png" (specified by argument number 74)  	[MsgId: MMSG-26577]
Action.c(54): Error -27644: Step download timeout (120 seconds) has expired when only cross-step downloads (0) were active  	[MsgId: MERR-27644]
End auto log messages stack.	[MsgId: MMSG-10544]


Start auto log messages stack - Iteration 21.	[MsgId: MMSG-10545]
Action.c(54): Warning -27760: Request "https://www.advantageonlineshopping.com/catalog/fetchImage?image_id=laptops" failed  	[MsgId: MWAR-27760]
Action.c(54): Warning -27760: Request "https://www.advantageonlineshopping.com/css/images/Special-offer.jpg" failed  	[MsgId: MWAR-27760]
Action.c(54): Warning -27760: Request "https://www.advantageonlineshopping.com/css/fonts/roboto_medium_macroman/Roboto-Medium-webfont.woff" failed  	[MsgId: MWAR-27760]
Action.c(54): Warning -27760: Request "https://www.advantageonlineshopping.com/css/fonts/roboto_bold_macroman/Roboto-Bold-webfont.woff" failed  	[MsgId: MWAR-27760]
Action.c(54): Warning -27760: Request "https://www.advantageonlineshopping.com/css/images/Banner2.jpg" failed  	[MsgId: MWAR-27760]
Action.c(54): Error -27644: Step download timeout (120 seconds) has expired when only cross-step downloads (0) were active  	[MsgId: MERR-27644]
End auto log messages stack.	[MsgId: MMSG-10544]


Start auto log messages stack - Iteration 31.	[MsgId: MMSG-10545]
Action.c(54): Downloading resource "https://www.advantageonlineshopping.com/css/images/Popular-item3.jpg" (specified by argument number 66)  	[MsgId: MMSG-26577]
Action.c(54): Downloading resource "https://www.advantageonlineshopping.com/css/images/FacebookLogo.png" (specified by argument number 68)  	[MsgId: MMSG-26577]
Action.c(54): Downloading resource "https://www.advantageonlineshopping.com/css/images/Check.png" (specified by argument number 71)  	[MsgId: MMSG-26577]
Action.c(54): Downloading resource "https://www.advantageonlineshopping.com/css/images/Bell.png" (specified by argument number 74)  	[MsgId: MMSG-26577]
Action.c(54): Warning -27760: Request "https://www.advantageonlineshopping.com/catalog/fetchImage?image_id=mice" failed  	[MsgId: MWAR-27760]
Action.c(54): Error -27644: Step download timeout (120 seconds) has expired when only cross-step downloads (0) were active  	[MsgId: MERR-27644]
End auto log messages stack.	[MsgId: MMSG-10544]


Start auto log messages stack - Iteration 11.	[MsgId: MMSG-10545]
Action.c(54): Downloading resource "https://www.advantageonlineshopping.com/css/images/Popular-item2.jpg" (specified by argument number 64)  	[MsgId: MMSG-26577]
Action.c(54): Downloading resource "https://www.advantageonlineshopping.com/css/images/Popular-item3.jpg" (specified by argument number 66)  	[MsgId: MMSG-26577]
Action.c(54): Downloading resource "https://www.advantageonlineshopping.com/css/images/FacebookLogo.png" (specified by argument number 68)  	[MsgId: MMSG-26577]
Action.c(54): Downloading resource "https://www.advantageonlineshopping.com/css/images/Check.png" (specified by argument number 71)  	[MsgId: MMSG-26577]
Action.c(54): Downloading resource "https://www.advantageonlineshopping.com/css/images/Bell.png" (specified by argument number 74)  	[MsgId: MMSG-26577]
Action.c(54): Error -27644: Step download timeout (120 seconds) has expired when only cross-step downloads (0) were active  	[MsgId: MERR-27644]
End auto log messages stack.	[MsgId: MMSG-10544]


