Start auto log messages stack - Iteration 2.	[MsgId: MMSG-10545]
Action.c(54): Downloading resource "https://www.advantageonlineshopping.com/css/images/Popular-item2.jpg" (specified by argument number 64)  	[MsgId: MMSG-26577]
Action.c(54): Downloading resource "https://www.advantageonlineshopping.com/css/images/Popular-item3.jpg" (specified by argument number 66)  	[MsgId: MMSG-26577]
Action.c(54): Downloading resource "https://www.advantageonlineshopping.com/css/images/FacebookLogo.png" (specified by argument number 68)  	[MsgId: MMSG-26577]
Action.c(54): Downloading resource "https://www.advantageonlineshopping.com/css/images/Check.png" (specified by argument number 71)  	[MsgId: MMSG-26577]
Action.c(54): Downloading resource "https://www.advantageonlineshopping.com/css/images/Bell.png" (specified by argument number 74)  	[MsgId: MMSG-26577]
Action.c(54): Error -27644: Step download timeout (120 seconds) has expired when only cross-step downloads (0) were active  	[MsgId: MERR-27644]
End auto log messages stack.	[MsgId: MMSG-10544]


Start auto log messages stack - Iteration 3.	[MsgId: MMSG-10545]
Action.c(54): Warning -27760: Request "https://www.advantageonlineshopping.com/css/images/Popular-item2.jpg" failed  	[MsgId: MWAR-27760]
Action.c(54): Warning -27760: Request "https://www.advantageonlineshopping.com/catalog/fetchImage?image_id=speakers" failed  	[MsgId: MWAR-27760]
Action.c(54): Warning -27760: Request "https://www.advantageonlineshopping.com/css/images/Bell.png" failed  	[MsgId: MWAR-27760]
Action.c(54): Warning -27760: Request "https://www.advantageonlineshopping.com/catalog/fetchImage?image_id=laptops" failed  	[MsgId: MWAR-27760]
Action.c(54): Warning -27760: Request "https://www.advantageonlineshopping.com/catalog/fetchImage?image_id=headphones" failed  	[MsgId: MWAR-27760]
Action.c(54): Error -27644: Step download timeout (120 seconds) has expired when only cross-step downloads (0) were active  	[MsgId: MERR-27644]
End auto log messages stack.	[MsgId: MMSG-10544]


Start auto log messages stack - Iteration 4.	[MsgId: MMSG-10545]
Action.c(54): Warning -27760: Request "https://www.advantageonlineshopping.com/css/images/Banner2.jpg" failed  	[MsgId: MWAR-27760]
Action.c(54): Warning -27760: Request "https://www.advantageonlineshopping.com/catalog/fetchImage?image_id=laptops" failed  	[MsgId: MWAR-27760]
Action.c(54): Warning -27760: Request "https://www.advantageonlineshopping.com/css/images/Popular-item2.jpg" failed  	[MsgId: MWAR-27760]
Action.c(54): Warning -27760: Request "https://www.advantageonlineshopping.com/css/images/Check.png" failed  	[MsgId: MWAR-27760]
Action.c(54): Warning -27760: Request "https://www.advantageonlineshopping.com/css/images/Bell.png" failed  	[MsgId: MWAR-27760]
Action.c(54): Error -27644: Step download timeout (120 seconds) has expired when only cross-step downloads (0) were active  	[MsgId: MERR-27644]
End auto log messages stack.	[MsgId: MMSG-10544]


Start auto log messages stack - Iteration 6.	[MsgId: MMSG-10545]
Action.c(54): Downloading resource "https://www.advantageonlineshopping.com/css/images/Bell.png" (specified by argument number 74)  	[MsgId: MMSG-26577]
Action.c(54): Warning -27760: Request "https://www.advantageonlineshopping.com/catalog/fetchImage?image_id=mice" failed  	[MsgId: MWAR-27760]
Action.c(54): Warning -27760: Request "https://www.advantageonlineshopping.com/css/images/Banner1.jpg" failed  	[MsgId: MWAR-27760]
Action.c(54): Warning -27760: Request "https://www.advantageonlineshopping.com/css/fonts/roboto_bold_macroman/Roboto-Bold-webfont.woff" failed  	[MsgId: MWAR-27760]
Action.c(54): Warning -27760: Request "https://www.advantageonlineshopping.com/css/images/Special-offer.jpg" failed  	[MsgId: MWAR-27760]
Action.c(54): Error -27644: Step download timeout (120 seconds) has expired when only cross-step downloads (0) were active  	[MsgId: MERR-27644]
End auto log messages stack.	[MsgId: MMSG-10544]


Start auto log messages stack - Iteration 7.	[MsgId: MMSG-10545]
Action.c(54): Downloading resource "https://www.advantageonlineshopping.com/css/images/Check.png" (specified by argument number 71)  	[MsgId: MMSG-26577]
Action.c(54): Downloading resource "https://www.advantageonlineshopping.com/css/images/Bell.png" (specified by argument number 74)  	[MsgId: MMSG-26577]
Action.c(54): Warning -27760: Request "https://www.advantageonlineshopping.com/catalog/fetchImage?image_id=mice" failed  	[MsgId: MWAR-27760]
Action.c(54): Warning -27760: Request "https://www.advantageonlineshopping.com/css/images/Banner1.jpg" failed  	[MsgId: MWAR-27760]
Action.c(54): Warning -27760: Request "https://www.advantageonlineshopping.com/catalog/fetchImage?image_id=speakers" failed  	[MsgId: MWAR-27760]
Action.c(54): Error -27644: Step download timeout (120 seconds) has expired when only cross-step downloads (0) were active  	[MsgId: MERR-27644]
End auto log messages stack.	[MsgId: MMSG-10544]


Start auto log messages stack - Iteration 11.	[MsgId: MMSG-10545]
Action.c(122): web_custom_request("GetAccountConfigurationRequest") started  	[MsgId: MMSG-26355]
Action.c(122): web_custom_request("GetAccountConfigurationRequest") was successful, 823 body bytes, 735 header bytes  	[MsgId: MMSG-26386]
Action.c(135): web_add_cookie started  	[MsgId: MMSG-26355]
Action.c(135): web_add_cookie was successful  	[MsgId: MMSG-26392]
Action.c(137): web_url("categories") started  	[MsgId: MMSG-26355]
Action.c(137): Notify: Transaction "HomePage" ended with a "Stop" status (Duration: 18,8549 Wasted Time: 0,0006).	[MsgId: MMSG-16871]
Action.c(137): Notify: Transaction "UC_2_Registration" ended with a "Stop" status (Duration: 18,8549 Wasted Time: 0,0006).	[MsgId: MMSG-16871]
Abort was called from an action.	[MsgId: MMSG-10447]
Ending Vuser...	[MsgId: MMSG-15966]
Starting action vuser_end.	[MsgId: MMSG-15919]
Ending action vuser_end.	[MsgId: MMSG-15918]
Vuser Terminated.	[MsgId: MMSG-15963]
Action.c(137): Error -27760: Request "https://www.advantageonlineshopping.com/catalog/api/v1/categories" failed  	[MsgId: MERR-27760]
